DEBUG;2016-03-10 23:49:06,225;load: Idioms (En-Ru)
DEBUG;2016-03-10 23:49:06,405;load: LingvoUniversal (En-Ru)
DEBUG;2016-03-10 23:49:06,512;load: LingvoEconomics (En-Ru)
DEBUG;2016-03-10 23:49:06,514;load: Wine (En-Ru)
DEBUG;2016-03-10 23:49:06,618;load: LingvoComputer (En-Ru)
DEBUG;2016-03-10 23:49:06,648;load: Auto (En-Ru)
DEBUG;2016-03-10 23:49:06,649;load: LingvoGrammar (En-Ru)
DEBUG;2016-03-10 23:49:06,696;load: Americana (En-Ru)
DEBUG;2016-03-10 23:49:06,716;load: GreatBritain (En-Ru)
DEBUG;2016-03-10 23:49:06,755;load: Psychology (En-Ru)
DEBUG;2016-03-10 23:49:06,766;load: FinancialManagement (En-Ru)
DEBUG;2016-03-10 23:49:06,793;load: Patents (En-Ru)
INFO;2016-03-10 23:49:14,151;load
INFO;2016-03-10 23:50:23,475;enable
INFO;2016-03-10 23:50:25,976;available
INFO;2016-03-10 23:50:28,092;load
INFO;2016-03-10 23:51:25,106;available
INFO;2016-03-10 23:51:26,883;disabled
INFO;2016-03-10 23:51:28,962;disabled
INFO;2016-03-10 23:51:54,912;available
INFO;2016-03-10 23:52:19,682;dictionary
INFO;2016-03-10 23:52:28,028;available
INFO;2016-03-10 23:52:45,642;available
INFO;2016-03-10 23:52:55,734;available
INFO;2016-03-10 23:53:02,512;self
INFO;2016-03-10 23:53:05,474;available
DEBUG;2016-03-10 23:53:23,566;load: Auto (De-Ru)
DEBUG;2016-03-10 23:53:23,650;load: Law (De-Ru)
DEBUG;2016-03-10 23:53:23,660;load: Austria (De-Ru)
DEBUG;2016-03-10 23:53:23,695;load: Beer (De-Ru)
DEBUG;2016-03-10 23:53:23,698;load: TypicalMistakes (De-Ru)
DEBUG;2016-03-10 23:53:23,791;load: Food (De-Ru)
DEBUG;2016-03-10 23:53:23,875;load: Medical (De-Ru)
DEBUG;2016-03-10 23:53:23,880;load: Idioms (De-Ru)
DEBUG;2016-03-10 23:53:23,983;load: Economics (De-Ru)
DEBUG;2016-03-10 23:53:24,265;load: Polytechnical (De-Ru)
DEBUG;2016-03-10 23:53:24,268;load: Active (De-Ru)
DEBUG;2016-03-10 23:53:24,327;load: AutoService (De-Ru)
DEBUG;2016-03-10 23:53:24,353;load: Banks (De-Ru)
DEBUG;2016-03-10 23:53:24,364;load: Art (De-Ru)
DEBUG;2016-03-10 23:53:24,698;load: Universal (De-Ru)
DEBUG;2016-03-10 23:53:24,808;load: Chemistry (De-Ru)
DEBUG;2016-03-10 23:53:24,874;load: Russian-German dictionary
DEBUG;2016-03-10 23:53:25,036;load: Russian-English short dictionary
DEBUG;2016-03-10 23:53:25,120;load: Telecoms (En-Ru)
DEBUG;2016-03-10 23:53:25,452;load: LingvoScience (En-Ru)
DEBUG;2016-03-10 23:53:25,593;load: Biology (En-Ru)
DEBUG;2016-03-10 23:53:25,613;load: FinancialMarkets (En-Ru)
DEBUG;2016-03-10 23:53:25,730;load: Medical (En-Ru)
DEBUG;2016-03-10 23:53:25,834;load: Building (En-Ru)
DEBUG;2016-03-10 23:53:25,860;load: Marketing (En-Ru)
DEBUG;2016-03-10 23:53:25,893;load: MechanicalEngineering (En-Ru)
DEBUG;2016-03-10 23:53:26,008;load: OilAndGas (En-Ru)
DEBUG;2016-03-10 23:53:26,020;load: Accounting (En-Ru)
DEBUG;2016-03-10 23:53:26,121;load: Politics (En-Ru)
DEBUG;2016-03-10 23:53:26,154;load: Computers (En-Ru)
DEBUG;2016-03-10 23:53:26,217;load: Law (En-Ru)
DEBUG;2016-03-10 23:53:26,385;load: Engineering (En-Ru)
DEBUG;2016-03-10 23:53:26,405;load: Management (En-Ru)
DEBUG;2016-03-10 23:53:26,649;load: RadioElectronics (En-Ru)
DEBUG;2016-03-10 23:53:26,681;load: Informal (En-Ru)
DEBUG;2016-03-10 23:53:26,870;load: Physics (En-Ru)
DEBUG;2016-03-10 23:53:26,909;load: Idioms (En-Ru)
DEBUG;2016-03-10 23:53:27,089;load: LingvoUniversal (En-Ru)
DEBUG;2016-03-10 23:53:27,199;load: LingvoEconomics (En-Ru)
DEBUG;2016-03-10 23:53:27,202;load: Wine (En-Ru)
DEBUG;2016-03-10 23:53:27,305;load: LingvoComputer (En-Ru)
DEBUG;2016-03-10 23:53:27,334;load: Auto (En-Ru)
DEBUG;2016-03-10 23:53:27,336;load: LingvoGrammar (En-Ru)
DEBUG;2016-03-10 23:53:27,383;load: Americana (En-Ru)
DEBUG;2016-03-10 23:53:27,403;load: GreatBritain (En-Ru)
DEBUG;2016-03-10 23:53:27,443;load: Psychology (En-Ru)
DEBUG;2016-03-10 23:53:27,455;load: FinancialManagement (En-Ru)
DEBUG;2016-03-10 23:53:27,481;load: Patents (En-Ru)
DEBUG;2016-03-10 23:53:50,037;load: Auto (De-Ru)
DEBUG;2016-03-10 23:53:50,121;load: Law (De-Ru)
DEBUG;2016-03-10 23:53:50,131;load: Austria (De-Ru)
DEBUG;2016-03-10 23:53:50,166;load: Beer (De-Ru)
DEBUG;2016-03-10 23:53:50,169;load: TypicalMistakes (De-Ru)
DEBUG;2016-03-10 23:53:50,264;load: Food (De-Ru)
DEBUG;2016-03-10 23:53:50,346;load: Medical (De-Ru)
DEBUG;2016-03-10 23:53:50,351;load: Idioms (De-Ru)
DEBUG;2016-03-10 23:53:50,448;load: Economics (De-Ru)
DEBUG;2016-03-10 23:53:50,723;load: Polytechnical (De-Ru)
DEBUG;2016-03-10 23:53:50,726;load: Active (De-Ru)
DEBUG;2016-03-10 23:53:50,787;load: AutoService (De-Ru)
DEBUG;2016-03-10 23:53:50,811;load: Banks (De-Ru)
DEBUG;2016-03-10 23:53:50,823;load: Art (De-Ru)
DEBUG;2016-03-10 23:53:51,159;load: Universal (De-Ru)
DEBUG;2016-03-10 23:53:51,271;load: Chemistry (De-Ru)
DEBUG;2016-03-10 23:53:51,338;load: Russian-German dictionary
DEBUG;2016-03-10 23:53:51,496;load: Russian-English short dictionary
DEBUG;2016-03-10 23:53:51,578;load: Telecoms (En-Ru)
DEBUG;2016-03-10 23:53:51,893;load: LingvoScience (En-Ru)
DEBUG;2016-03-10 23:53:52,034;load: Biology (En-Ru)
DEBUG;2016-03-10 23:53:52,054;load: FinancialMarkets (En-Ru)
DEBUG;2016-03-10 23:53:52,173;load: Medical (En-Ru)
DEBUG;2016-03-10 23:53:52,276;load: Building (En-Ru)
DEBUG;2016-03-10 23:53:52,303;load: Marketing (En-Ru)
DEBUG;2016-03-10 23:53:52,335;load: MechanicalEngineering (En-Ru)
DEBUG;2016-03-10 23:53:52,448;load: OilAndGas (En-Ru)
DEBUG;2016-03-10 23:53:52,460;load: Accounting (En-Ru)
DEBUG;2016-03-10 23:53:52,560;load: Politics (En-Ru)
DEBUG;2016-03-10 23:53:52,590;load: Computers (En-Ru)
DEBUG;2016-03-10 23:53:52,652;load: Law (En-Ru)
DEBUG;2016-03-10 23:53:52,817;load: Engineering (En-Ru)
DEBUG;2016-03-10 23:53:52,836;load: Management (En-Ru)
DEBUG;2016-03-10 23:53:53,085;load: RadioElectronics (En-Ru)
DEBUG;2016-03-10 23:53:53,115;load: Informal (En-Ru)
DEBUG;2016-03-10 23:53:53,303;load: Physics (En-Ru)
DEBUG;2016-03-10 23:53:53,340;load: Idioms (En-Ru)
DEBUG;2016-03-10 23:53:53,519;load: LingvoUniversal (En-Ru)
DEBUG;2016-03-10 23:53:53,625;load: LingvoEconomics (En-Ru)
DEBUG;2016-03-10 23:53:53,627;load: Wine (En-Ru)
DEBUG;2016-03-10 23:53:53,731;load: LingvoComputer (En-Ru)
DEBUG;2016-03-10 23:53:53,760;load: Auto (En-Ru)
DEBUG;2016-03-10 23:53:53,762;load: LingvoGrammar (En-Ru)
DEBUG;2016-03-10 23:53:53,809;load: Americana (En-Ru)
DEBUG;2016-03-10 23:53:53,828;load: GreatBritain (En-Ru)
DEBUG;2016-03-10 23:53:53,867;load: Psychology (En-Ru)
DEBUG;2016-03-10 23:53:53,879;load: FinancialManagement (En-Ru)
DEBUG;2016-03-10 23:53:53,905;load: Patents (En-Ru)
DEBUG;2016-03-10 23:55:12,493;load: Auto (De-Ru)
DEBUG;2016-03-10 23:55:12,577;load: Law (De-Ru)
DEBUG;2016-03-10 23:55:12,588;load: Austria (De-Ru)
DEBUG;2016-03-10 23:55:12,623;load: Beer (De-Ru)
DEBUG;2016-03-10 23:55:12,625;load: TypicalMistakes (De-Ru)
DEBUG;2016-03-10 23:55:12,722;load: Food (De-Ru)
DEBUG;2016-03-10 23:55:12,806;load: Medical (De-Ru)
DEBUG;2016-03-10 23:55:12,811;load: Idioms (De-Ru)
DEBUG;2016-03-10 23:55:12,910;load: Economics (De-Ru)
DEBUG;2016-03-10 23:55:13,199;load: Polytechnical (De-Ru)
DEBUG;2016-03-10 23:55:13,202;load: Active (De-Ru)
DEBUG;2016-03-10 23:55:13,262;load: AutoService (De-Ru)
DEBUG;2016-03-10 23:55:13,288;load: Banks (De-Ru)
DEBUG;2016-03-10 23:55:13,299;load: Art (De-Ru)
DEBUG;2016-03-10 23:55:13,666;load: Universal (De-Ru)
DEBUG;2016-03-10 23:55:13,777;load: Chemistry (De-Ru)
DEBUG;2016-03-10 23:55:13,843;load: Russian-German dictionary
DEBUG;2016-03-10 23:55:13,998;load: Russian-English short dictionary
DEBUG;2016-03-10 23:55:14,081;load: Telecoms (En-Ru)
DEBUG;2016-03-10 23:55:14,414;load: LingvoScience (En-Ru)
DEBUG;2016-03-10 23:55:14,566;load: Biology (En-Ru)
DEBUG;2016-03-10 23:55:14,586;load: FinancialMarkets (En-Ru)
DEBUG;2016-03-10 23:55:14,704;load: Medical (En-Ru)
DEBUG;2016-03-10 23:55:14,816;load: Building (En-Ru)
DEBUG;2016-03-10 23:55:14,843;load: Marketing (En-Ru)
DEBUG;2016-03-10 23:55:14,877;load: MechanicalEngineering (En-Ru)
DEBUG;2016-03-10 23:55:14,997;load: OilAndGas (En-Ru)
DEBUG;2016-03-10 23:55:15,010;load: Accounting (En-Ru)
DEBUG;2016-03-10 23:55:15,115;load: Politics (En-Ru)
DEBUG;2016-03-10 23:55:15,149;load: Computers (En-Ru)
DEBUG;2016-03-10 23:55:15,215;load: Law (En-Ru)
DEBUG;2016-03-10 23:55:15,381;load: Engineering (En-Ru)
DEBUG;2016-03-10 23:55:15,400;load: Management (En-Ru)
DEBUG;2016-03-10 23:55:15,641;load: RadioElectronics (En-Ru)
DEBUG;2016-03-10 23:55:15,671;load: Informal (En-Ru)
DEBUG;2016-03-10 23:55:15,867;load: Physics (En-Ru)
DEBUG;2016-03-10 23:55:15,905;load: Idioms (En-Ru)
DEBUG;2016-03-10 23:55:16,095;load: LingvoUniversal (En-Ru)
DEBUG;2016-03-10 23:55:16,206;load: LingvoEconomics (En-Ru)
DEBUG;2016-03-10 23:55:16,208;load: Wine (En-Ru)
DEBUG;2016-03-10 23:55:16,320;load: LingvoComputer (En-Ru)
DEBUG;2016-03-10 23:55:16,350;load: Auto (En-Ru)
DEBUG;2016-03-10 23:55:16,351;load: LingvoGrammar (En-Ru)
DEBUG;2016-03-10 23:55:16,400;load: Americana (En-Ru)
DEBUG;2016-03-10 23:55:16,420;load: GreatBritain (En-Ru)
DEBUG;2016-03-10 23:55:16,461;load: Psychology (En-Ru)
DEBUG;2016-03-10 23:55:16,473;load: FinancialManagement (En-Ru)
DEBUG;2016-03-10 23:55:16,500;load: Patents (En-Ru)
DEBUG;2016-03-10 23:55:30,452;load: Auto (De-Ru)
DEBUG;2016-03-10 23:55:30,539;load: Law (De-Ru)
DEBUG;2016-03-10 23:55:30,550;load: Austria (De-Ru)
DEBUG;2016-03-10 23:55:30,585;load: Beer (De-Ru)
DEBUG;2016-03-10 23:55:30,588;load: TypicalMistakes (De-Ru)
DEBUG;2016-03-10 23:55:30,690;load: Food (De-Ru)
DEBUG;2016-03-10 23:55:30,775;load: Medical (De-Ru)
DEBUG;2016-03-10 23:55:30,779;load: Idioms (De-Ru)
DEBUG;2016-03-10 23:55:30,883;load: Economics (De-Ru)
DEBUG;2016-03-10 23:55:31,169;load: Polytechnical (De-Ru)
DEBUG;2016-03-10 23:55:31,172;load: Active (De-Ru)
DEBUG;2016-03-10 23:55:31,232;load: AutoService (De-Ru)
DEBUG;2016-03-10 23:55:31,257;load: Banks (De-Ru)
DEBUG;2016-03-10 23:55:31,269;load: Art (De-Ru)
DEBUG;2016-03-10 23:55:31,610;load: Universal (De-Ru)
DEBUG;2016-03-10 23:55:31,724;load: Chemistry (De-Ru)
DEBUG;2016-03-10 23:55:31,792;load: Russian-German dictionary
DEBUG;2016-03-10 23:55:31,946;load: Russian-English short dictionary
DEBUG;2016-03-10 23:55:32,030;load: Telecoms (En-Ru)
DEBUG;2016-03-10 23:55:32,363;load: LingvoScience (En-Ru)
DEBUG;2016-03-10 23:55:32,508;load: Biology (En-Ru)
DEBUG;2016-03-10 23:55:32,528;load: FinancialMarkets (En-Ru)
DEBUG;2016-03-10 23:55:32,647;load: Medical (En-Ru)
DEBUG;2016-03-10 23:55:32,755;load: Building (En-Ru)
DEBUG;2016-03-10 23:55:32,784;load: Marketing (En-Ru)
DEBUG;2016-03-10 23:55:32,818;load: MechanicalEngineering (En-Ru)
DEBUG;2016-03-10 23:55:32,932;load: OilAndGas (En-Ru)
DEBUG;2016-03-10 23:55:32,943;load: Accounting (En-Ru)
DEBUG;2016-03-10 23:55:33,045;load: Politics (En-Ru)
DEBUG;2016-03-10 23:55:33,075;load: Computers (En-Ru)
DEBUG;2016-03-10 23:55:33,139;load: Law (En-Ru)
DEBUG;2016-03-10 23:55:33,308;load: Engineering (En-Ru)
DEBUG;2016-03-10 23:55:33,327;load: Management (En-Ru)
DEBUG;2016-03-10 23:55:33,558;load: RadioElectronics (En-Ru)
DEBUG;2016-03-10 23:55:33,588;load: Informal (En-Ru)
DEBUG;2016-03-10 23:55:33,774;load: Physics (En-Ru)
DEBUG;2016-03-10 23:55:33,812;load: Idioms (En-Ru)
DEBUG;2016-03-10 23:55:33,996;load: LingvoUniversal (En-Ru)
DEBUG;2016-03-10 23:55:34,105;load: LingvoEconomics (En-Ru)
DEBUG;2016-03-10 23:55:34,107;load: Wine (En-Ru)
DEBUG;2016-03-10 23:55:34,215;load: LingvoComputer (En-Ru)
DEBUG;2016-03-10 23:55:34,245;load: Auto (En-Ru)
DEBUG;2016-03-10 23:55:34,246;load: LingvoGrammar (En-Ru)
DEBUG;2016-03-10 23:55:34,294;load: Americana (En-Ru)
DEBUG;2016-03-10 23:55:34,314;load: GreatBritain (En-Ru)
DEBUG;2016-03-10 23:55:34,353;load: Psychology (En-Ru)
DEBUG;2016-03-10 23:55:34,365;load: FinancialManagement (En-Ru)
DEBUG;2016-03-10 23:55:34,391;load: Patents (En-Ru)
DEBUG;2016-03-10 23:56:40,264;load: Auto (De-Ru)
DEBUG;2016-03-10 23:56:40,348;load: Law (De-Ru)
DEBUG;2016-03-10 23:56:40,358;load: Austria (De-Ru)
DEBUG;2016-03-10 23:56:40,392;load: Beer (De-Ru)
DEBUG;2016-03-10 23:56:40,394;load: TypicalMistakes (De-Ru)
DEBUG;2016-03-10 23:56:40,489;load: Food (De-Ru)
DEBUG;2016-03-10 23:56:40,573;load: Medical (De-Ru)
DEBUG;2016-03-10 23:56:40,578;load: Idioms (De-Ru)
DEBUG;2016-03-10 23:56:40,675;load: Economics (De-Ru)
DEBUG;2016-03-10 23:56:40,958;load: Polytechnical (De-Ru)
DEBUG;2016-03-10 23:56:40,961;load: Active (De-Ru)
DEBUG;2016-03-10 23:56:41,020;load: AutoService (De-Ru)
DEBUG;2016-03-10 23:56:41,045;load: Banks (De-Ru)
DEBUG;2016-03-10 23:56:41,057;load: Art (De-Ru)
DEBUG;2016-03-10 23:56:41,439;load: Universal (De-Ru)
DEBUG;2016-03-10 23:56:41,588;load: Chemistry (De-Ru)
DEBUG;2016-03-10 23:56:41,686;load: Russian-German dictionary
DEBUG;2016-03-10 23:56:41,858;load: Russian-English short dictionary
DEBUG;2016-03-10 23:56:41,944;load: Telecoms (En-Ru)
DEBUG;2016-03-10 23:56:42,264;load: LingvoScience (En-Ru)
DEBUG;2016-03-10 23:56:42,411;load: Biology (En-Ru)
DEBUG;2016-03-10 23:56:42,431;load: FinancialMarkets (En-Ru)
DEBUG;2016-03-10 23:56:42,547;load: Medical (En-Ru)
DEBUG;2016-03-10 23:56:42,652;load: Building (En-Ru)
DEBUG;2016-03-10 23:56:42,678;load: Marketing (En-Ru)
DEBUG;2016-03-10 23:56:42,710;load: MechanicalEngineering (En-Ru)
DEBUG;2016-03-10 23:56:42,823;load: OilAndGas (En-Ru)
DEBUG;2016-03-10 23:56:42,834;load: Accounting (En-Ru)
DEBUG;2016-03-10 23:56:42,934;load: Politics (En-Ru)
DEBUG;2016-03-10 23:56:42,964;load: Computers (En-Ru)
DEBUG;2016-03-10 23:56:43,027;load: Law (En-Ru)
DEBUG;2016-03-10 23:56:43,195;load: Engineering (En-Ru)
DEBUG;2016-03-10 23:56:43,215;load: Management (En-Ru)
DEBUG;2016-03-10 23:56:43,443;load: RadioElectronics (En-Ru)
DEBUG;2016-03-10 23:56:43,473;load: Informal (En-Ru)
DEBUG;2016-03-10 23:56:43,692;load: Physics (En-Ru)
DEBUG;2016-03-10 23:56:43,732;load: Idioms (En-Ru)
DEBUG;2016-03-10 23:56:43,914;load: LingvoUniversal (En-Ru)
DEBUG;2016-03-10 23:56:44,023;load: LingvoEconomics (En-Ru)
DEBUG;2016-03-10 23:56:44,027;load: Wine (En-Ru)
DEBUG;2016-03-10 23:56:44,135;load: LingvoComputer (En-Ru)
DEBUG;2016-03-10 23:56:44,168;load: Auto (En-Ru)
DEBUG;2016-03-10 23:56:44,169;load: LingvoGrammar (En-Ru)
DEBUG;2016-03-10 23:56:44,217;load: Americana (En-Ru)
DEBUG;2016-03-10 23:56:44,236;load: GreatBritain (En-Ru)
DEBUG;2016-03-10 23:56:44,275;load: Psychology (En-Ru)
DEBUG;2016-03-10 23:56:44,287;load: FinancialManagement (En-Ru)
DEBUG;2016-03-10 23:56:44,315;load: Patents (En-Ru)
DEBUG;2016-03-10 23:57:14,883;enable: Accounting (En-Ru)
INFO;2016-03-10 23:57:16,113;load
DEBUG;2016-03-10 23:57:23,302;disable: Accounting (En-Ru)
DEBUG;2016-03-10 23:57:52,409;load: Auto (De-Ru)
DEBUG;2016-03-10 23:57:52,494;load: Law (De-Ru)
DEBUG;2016-03-10 23:57:52,505;load: Austria (De-Ru)
DEBUG;2016-03-10 23:57:52,540;load: Beer (De-Ru)
DEBUG;2016-03-10 23:57:52,543;load: TypicalMistakes (De-Ru)
DEBUG;2016-03-10 23:57:52,638;load: Food (De-Ru)
DEBUG;2016-03-10 23:57:52,723;load: Medical (De-Ru)
DEBUG;2016-03-10 23:57:52,729;load: Idioms (De-Ru)
DEBUG;2016-03-10 23:57:52,826;load: Economics (De-Ru)
DEBUG;2016-03-10 23:57:53,110;load: Polytechnical (De-Ru)
DEBUG;2016-03-10 23:57:53,113;load: Active (De-Ru)
DEBUG;2016-03-10 23:57:53,178;load: AutoService (De-Ru)
DEBUG;2016-03-10 23:57:53,203;load: Banks (De-Ru)
DEBUG;2016-03-10 23:57:53,214;load: Art (De-Ru)
DEBUG;2016-03-10 23:57:53,546;load: Universal (De-Ru)
DEBUG;2016-03-10 23:57:53,661;load: Chemistry (De-Ru)
DEBUG;2016-03-10 23:57:53,731;load: Russian-German dictionary
DEBUG;2016-03-10 23:57:53,893;load: Russian-English short dictionary
DEBUG;2016-03-10 23:57:53,983;load: Telecoms (En-Ru)
DEBUG;2016-03-10 23:57:54,308;load: LingvoScience (En-Ru)
DEBUG;2016-03-10 23:57:54,451;load: Biology (En-Ru)
DEBUG;2016-03-10 23:57:54,471;load: FinancialMarkets (En-Ru)
DEBUG;2016-03-10 23:57:54,590;load: Medical (En-Ru)
DEBUG;2016-03-10 23:57:54,695;load: Building (En-Ru)
DEBUG;2016-03-10 23:57:54,722;load: Marketing (En-Ru)
DEBUG;2016-03-10 23:57:54,756;load: MechanicalEngineering (En-Ru)
DEBUG;2016-03-10 23:57:54,870;load: OilAndGas (En-Ru)
DEBUG;2016-03-10 23:57:54,882;load: Accounting (En-Ru)
DEBUG;2016-03-10 23:57:54,984;load: Politics (En-Ru)
DEBUG;2016-03-10 23:57:55,015;load: Computers (En-Ru)
DEBUG;2016-03-10 23:57:55,078;load: Law (En-Ru)
DEBUG;2016-03-10 23:57:55,247;load: Engineering (En-Ru)
DEBUG;2016-03-10 23:57:55,266;load: Management (En-Ru)
DEBUG;2016-03-10 23:57:55,496;load: RadioElectronics (En-Ru)
DEBUG;2016-03-10 23:57:55,526;load: Informal (En-Ru)
DEBUG;2016-03-10 23:57:55,711;load: Physics (En-Ru)
DEBUG;2016-03-10 23:57:55,749;load: Idioms (En-Ru)
DEBUG;2016-03-10 23:57:55,930;load: LingvoUniversal (En-Ru)
DEBUG;2016-03-10 23:57:56,038;load: LingvoEconomics (En-Ru)
DEBUG;2016-03-10 23:57:56,040;load: Wine (En-Ru)
DEBUG;2016-03-10 23:57:56,149;load: LingvoComputer (En-Ru)
DEBUG;2016-03-10 23:57:56,181;load: Auto (En-Ru)
DEBUG;2016-03-10 23:57:56,183;load: LingvoGrammar (En-Ru)
DEBUG;2016-03-10 23:57:56,232;load: Americana (En-Ru)
DEBUG;2016-03-10 23:57:56,252;load: GreatBritain (En-Ru)
DEBUG;2016-03-10 23:57:56,291;load: Psychology (En-Ru)
DEBUG;2016-03-10 23:57:56,303;load: FinancialManagement (En-Ru)
DEBUG;2016-03-10 23:57:56,331;load: Patents (En-Ru)
INFO;2016-03-10 23:58:18,507;dictionary
INFO;2016-03-10 23:58:32,042;dictionary
DEBUG;2016-03-10 23:58:55,142;load: Auto (De-Ru)
DEBUG;2016-03-10 23:58:55,234;load: Law (De-Ru)
DEBUG;2016-03-10 23:58:55,245;load: Austria (De-Ru)
DEBUG;2016-03-10 23:58:55,282;load: Beer (De-Ru)
DEBUG;2016-03-10 23:58:55,285;load: TypicalMistakes (De-Ru)
DEBUG;2016-03-10 23:58:55,383;load: Food (De-Ru)
DEBUG;2016-03-10 23:58:55,468;load: Medical (De-Ru)
DEBUG;2016-03-10 23:58:55,473;load: Idioms (De-Ru)
DEBUG;2016-03-10 23:58:55,572;load: Economics (De-Ru)
DEBUG;2016-03-10 23:58:55,853;load: Polytechnical (De-Ru)
DEBUG;2016-03-10 23:58:55,856;load: Active (De-Ru)
DEBUG;2016-03-10 23:58:55,916;load: AutoService (De-Ru)
DEBUG;2016-03-10 23:58:55,941;load: Banks (De-Ru)
DEBUG;2016-03-10 23:58:55,952;load: Art (De-Ru)
DEBUG;2016-03-10 23:58:56,283;load: Universal (De-Ru)
DEBUG;2016-03-10 23:58:56,396;load: Chemistry (De-Ru)
DEBUG;2016-03-10 23:58:56,466;load: Russian-German dictionary
DEBUG;2016-03-10 23:58:56,623;load: Russian-English short dictionary
DEBUG;2016-03-10 23:58:56,704;load: Telecoms (En-Ru)
DEBUG;2016-03-10 23:58:57,017;load: LingvoScience (En-Ru)
DEBUG;2016-03-10 23:58:57,160;load: Biology (En-Ru)
DEBUG;2016-03-10 23:58:57,181;load: FinancialMarkets (En-Ru)
DEBUG;2016-03-10 23:58:57,296;load: Medical (En-Ru)
DEBUG;2016-03-10 23:58:57,400;load: Building (En-Ru)
DEBUG;2016-03-10 23:58:57,426;load: Marketing (En-Ru)
DEBUG;2016-03-10 23:58:57,460;load: MechanicalEngineering (En-Ru)
DEBUG;2016-03-10 23:58:57,572;load: OilAndGas (En-Ru)
DEBUG;2016-03-10 23:58:57,584;load: Accounting (En-Ru)
DEBUG;2016-03-10 23:58:57,684;load: Politics (En-Ru)
DEBUG;2016-03-10 23:58:57,714;load: Computers (En-Ru)
DEBUG;2016-03-10 23:58:57,776;load: Law (En-Ru)
DEBUG;2016-03-10 23:58:57,942;load: Engineering (En-Ru)
DEBUG;2016-03-10 23:58:57,961;load: Management (En-Ru)
DEBUG;2016-03-10 23:58:58,193;load: RadioElectronics (En-Ru)
DEBUG;2016-03-10 23:58:58,223;load: Informal (En-Ru)
DEBUG;2016-03-10 23:58:58,407;load: Physics (En-Ru)
DEBUG;2016-03-10 23:58:58,445;load: Idioms (En-Ru)
DEBUG;2016-03-10 23:58:58,623;load: LingvoUniversal (En-Ru)
DEBUG;2016-03-10 23:58:58,730;load: LingvoEconomics (En-Ru)
DEBUG;2016-03-10 23:58:58,732;load: Wine (En-Ru)
DEBUG;2016-03-10 23:58:58,836;load: LingvoComputer (En-Ru)
DEBUG;2016-03-10 23:58:58,866;load: Auto (En-Ru)
DEBUG;2016-03-10 23:58:58,868;load: LingvoGrammar (En-Ru)
DEBUG;2016-03-10 23:58:58,915;load: Americana (En-Ru)
DEBUG;2016-03-10 23:58:58,934;load: GreatBritain (En-Ru)
DEBUG;2016-03-10 23:58:58,973;load: Psychology (En-Ru)
DEBUG;2016-03-10 23:58:58,985;load: FinancialManagement (En-Ru)
DEBUG;2016-03-10 23:58:59,012;load: Patents (En-Ru)
DEBUG;2016-03-10 23:59:28,939;load: Auto (De-Ru)
DEBUG;2016-03-10 23:59:29,023;load: Law (De-Ru)
DEBUG;2016-03-10 23:59:29,034;load: Austria (De-Ru)
DEBUG;2016-03-10 23:59:29,068;load: Beer (De-Ru)
DEBUG;2016-03-10 23:59:29,071;load: TypicalMistakes (De-Ru)
DEBUG;2016-03-10 23:59:29,169;load: Food (De-Ru)
DEBUG;2016-03-10 23:59:29,254;load: Medical (De-Ru)
DEBUG;2016-03-10 23:59:29,259;load: Idioms (De-Ru)
DEBUG;2016-03-10 23:59:29,358;load: Economics (De-Ru)
DEBUG;2016-03-10 23:59:29,635;load: Polytechnical (De-Ru)
DEBUG;2016-03-10 23:59:29,638;load: Active (De-Ru)
DEBUG;2016-03-10 23:59:29,697;load: AutoService (De-Ru)
DEBUG;2016-03-10 23:59:29,723;load: Banks (De-Ru)
DEBUG;2016-03-10 23:59:29,734;load: Art (De-Ru)
DEBUG;2016-03-10 23:59:30,113;load: Universal (De-Ru)
DEBUG;2016-03-10 23:59:30,243;load: Chemistry (De-Ru)
DEBUG;2016-03-10 23:59:30,332;load: Russian-German dictionary
DEBUG;2016-03-10 23:59:30,491;load: Russian-English short dictionary
DEBUG;2016-03-10 23:59:30,573;load: Telecoms (En-Ru)
DEBUG;2016-03-10 23:59:30,893;load: LingvoScience (En-Ru)
DEBUG;2016-03-10 23:59:31,038;load: Biology (En-Ru)
DEBUG;2016-03-10 23:59:31,059;load: FinancialMarkets (En-Ru)
DEBUG;2016-03-10 23:59:31,179;load: Medical (En-Ru)
DEBUG;2016-03-10 23:59:31,283;load: Building (En-Ru)
DEBUG;2016-03-10 23:59:31,309;load: Marketing (En-Ru)
DEBUG;2016-03-10 23:59:31,342;load: MechanicalEngineering (En-Ru)
DEBUG;2016-03-10 23:59:31,455;load: OilAndGas (En-Ru)
DEBUG;2016-03-10 23:59:31,466;load: Accounting (En-Ru)
DEBUG;2016-03-10 23:59:31,567;load: Politics (En-Ru)
DEBUG;2016-03-10 23:59:31,597;load: Computers (En-Ru)
DEBUG;2016-03-10 23:59:31,661;load: Law (En-Ru)
DEBUG;2016-03-10 23:59:31,827;load: Engineering (En-Ru)
DEBUG;2016-03-10 23:59:31,846;load: Management (En-Ru)
DEBUG;2016-03-10 23:59:32,076;load: RadioElectronics (En-Ru)
DEBUG;2016-03-10 23:59:32,106;load: Informal (En-Ru)
DEBUG;2016-03-10 23:59:32,292;load: Physics (En-Ru)
DEBUG;2016-03-10 23:59:32,330;load: Idioms (En-Ru)
DEBUG;2016-03-10 23:59:32,510;load: LingvoUniversal (En-Ru)
DEBUG;2016-03-10 23:59:32,617;load: LingvoEconomics (En-Ru)
DEBUG;2016-03-10 23:59:32,620;load: Wine (En-Ru)
DEBUG;2016-03-10 23:59:32,724;load: LingvoComputer (En-Ru)
DEBUG;2016-03-10 23:59:32,754;load: Auto (En-Ru)
DEBUG;2016-03-10 23:59:32,756;load: LingvoGrammar (En-Ru)
DEBUG;2016-03-10 23:59:32,803;load: Americana (En-Ru)
DEBUG;2016-03-10 23:59:32,823;load: GreatBritain (En-Ru)
DEBUG;2016-03-10 23:59:32,863;load: Psychology (En-Ru)
DEBUG;2016-03-10 23:59:32,874;load: FinancialManagement (En-Ru)
DEBUG;2016-03-10 23:59:32,901;load: Patents (En-Ru)
DEBUG;2016-03-10 23:59:51,021;load: Auto (De-Ru)
DEBUG;2016-03-10 23:59:51,110;load: Law (De-Ru)
DEBUG;2016-03-10 23:59:51,121;load: Austria (De-Ru)
DEBUG;2016-03-10 23:59:51,157;load: Beer (De-Ru)
DEBUG;2016-03-10 23:59:51,160;load: TypicalMistakes (De-Ru)
DEBUG;2016-03-10 23:59:51,257;load: Food (De-Ru)
DEBUG;2016-03-10 23:59:51,343;load: Medical (De-Ru)
DEBUG;2016-03-10 23:59:51,349;load: Idioms (De-Ru)
DEBUG;2016-03-10 23:59:51,447;load: Economics (De-Ru)
DEBUG;2016-03-10 23:59:51,727;load: Polytechnical (De-Ru)
DEBUG;2016-03-10 23:59:51,730;load: Active (De-Ru)
DEBUG;2016-03-10 23:59:51,790;load: AutoService (De-Ru)
DEBUG;2016-03-10 23:59:51,816;load: Banks (De-Ru)
DEBUG;2016-03-10 23:59:51,827;load: Art (De-Ru)
DEBUG;2016-03-10 23:59:52,162;load: Universal (De-Ru)
DEBUG;2016-03-10 23:59:52,275;load: Chemistry (De-Ru)
DEBUG;2016-03-10 23:59:52,344;load: Russian-German dictionary
DEBUG;2016-03-10 23:59:52,500;load: Russian-English short dictionary
DEBUG;2016-03-10 23:59:52,582;load: Telecoms (En-Ru)
DEBUG;2016-03-10 23:59:52,910;load: LingvoScience (En-Ru)
DEBUG;2016-03-10 23:59:53,051;load: Biology (En-Ru)
DEBUG;2016-03-10 23:59:53,072;load: FinancialMarkets (En-Ru)
DEBUG;2016-03-10 23:59:53,192;load: Medical (En-Ru)
DEBUG;2016-03-10 23:59:53,297;load: Building (En-Ru)
DEBUG;2016-03-10 23:59:53,327;load: Marketing (En-Ru)
DEBUG;2016-03-10 23:59:53,377;load: MechanicalEngineering (En-Ru)
DEBUG;2016-03-10 23:59:53,504;load: OilAndGas (En-Ru)
DEBUG;2016-03-10 23:59:53,516;load: Accounting (En-Ru)
DEBUG;2016-03-10 23:59:53,688;load: Politics (En-Ru)
DEBUG;2016-03-10 23:59:53,741;load: Computers (En-Ru)
DEBUG;2016-03-10 23:59:53,851;load: Law (En-Ru)
DEBUG;2016-03-10 23:59:54,020;load: Engineering (En-Ru)
DEBUG;2016-03-10 23:59:54,040;load: Management (En-Ru)
DEBUG;2016-03-10 23:59:54,282;load: RadioElectronics (En-Ru)
DEBUG;2016-03-10 23:59:54,312;load: Informal (En-Ru)
DEBUG;2016-03-10 23:59:54,500;load: Physics (En-Ru)
DEBUG;2016-03-10 23:59:54,538;load: Idioms (En-Ru)
DEBUG;2016-03-10 23:59:54,718;load: LingvoUniversal (En-Ru)
DEBUG;2016-03-10 23:59:54,826;load: LingvoEconomics (En-Ru)
DEBUG;2016-03-10 23:59:54,828;load: Wine (En-Ru)
DEBUG;2016-03-10 23:59:54,936;load: LingvoComputer (En-Ru)
DEBUG;2016-03-10 23:59:54,965;load: Auto (En-Ru)
DEBUG;2016-03-10 23:59:54,967;load: LingvoGrammar (En-Ru)
DEBUG;2016-03-10 23:59:55,014;load: Americana (En-Ru)
DEBUG;2016-03-10 23:59:55,034;load: GreatBritain (En-Ru)
DEBUG;2016-03-10 23:59:55,073;load: Psychology (En-Ru)
DEBUG;2016-03-10 23:59:55,085;load: FinancialManagement (En-Ru)
DEBUG;2016-03-10 23:59:55,112;load: Patents (En-Ru)
DEBUG;2016-03-11 00:00:13,083;disable: Universal (De-Ru)
DEBUG;2016-03-11 00:00:15,291;disable: Russian-German dictionary
DEBUG;2016-03-11 00:00:16,726;disable: Russian-English short dictionary
DEBUG;2016-03-11 00:00:19,249;disable: LingvoUniversal (En-Ru)
DEBUG;2016-03-11 00:00:26,075;load: Auto (De-Ru)
DEBUG;2016-03-11 00:00:26,167;load: Law (De-Ru)
DEBUG;2016-03-11 00:00:26,177;load: Austria (De-Ru)
DEBUG;2016-03-11 00:00:26,213;load: Beer (De-Ru)
DEBUG;2016-03-11 00:00:26,216;load: TypicalMistakes (De-Ru)
DEBUG;2016-03-11 00:00:26,313;load: Food (De-Ru)
DEBUG;2016-03-11 00:00:26,397;load: Medical (De-Ru)
DEBUG;2016-03-11 00:00:26,402;load: Idioms (De-Ru)
DEBUG;2016-03-11 00:00:26,501;load: Economics (De-Ru)
DEBUG;2016-03-11 00:00:26,784;load: Polytechnical (De-Ru)
DEBUG;2016-03-11 00:00:26,787;load: Active (De-Ru)
DEBUG;2016-03-11 00:00:26,848;load: AutoService (De-Ru)
DEBUG;2016-03-11 00:00:26,873;load: Banks (De-Ru)
DEBUG;2016-03-11 00:00:26,884;load: Art (De-Ru)
DEBUG;2016-03-11 00:00:27,222;load: Universal (De-Ru)
DEBUG;2016-03-11 00:00:27,332;load: Chemistry (De-Ru)
DEBUG;2016-03-11 00:00:27,398;load: Russian-German dictionary
DEBUG;2016-03-11 00:00:27,556;load: Russian-English short dictionary
DEBUG;2016-03-11 00:00:27,638;load: Telecoms (En-Ru)
DEBUG;2016-03-11 00:00:27,965;load: LingvoScience (En-Ru)
DEBUG;2016-03-11 00:00:28,108;load: Biology (En-Ru)
DEBUG;2016-03-11 00:00:28,129;load: FinancialMarkets (En-Ru)
DEBUG;2016-03-11 00:00:28,250;load: Medical (En-Ru)
DEBUG;2016-03-11 00:00:28,354;load: Building (En-Ru)
DEBUG;2016-03-11 00:00:28,380;load: Marketing (En-Ru)
DEBUG;2016-03-11 00:00:28,415;load: MechanicalEngineering (En-Ru)
DEBUG;2016-03-11 00:00:28,530;load: OilAndGas (En-Ru)
DEBUG;2016-03-11 00:00:28,542;load: Accounting (En-Ru)
DEBUG;2016-03-11 00:00:28,644;load: Politics (En-Ru)
DEBUG;2016-03-11 00:00:28,674;load: Computers (En-Ru)
DEBUG;2016-03-11 00:00:28,738;load: Law (En-Ru)
DEBUG;2016-03-11 00:00:28,942;load: Engineering (En-Ru)
DEBUG;2016-03-11 00:00:28,962;load: Management (En-Ru)
DEBUG;2016-03-11 00:00:29,225;load: RadioElectronics (En-Ru)
DEBUG;2016-03-11 00:00:29,255;load: Informal (En-Ru)
DEBUG;2016-03-11 00:00:29,444;load: Physics (En-Ru)
DEBUG;2016-03-11 00:00:29,483;load: Idioms (En-Ru)
DEBUG;2016-03-11 00:00:29,664;load: LingvoUniversal (En-Ru)
DEBUG;2016-03-11 00:00:29,772;load: LingvoEconomics (En-Ru)
DEBUG;2016-03-11 00:00:29,774;load: Wine (En-Ru)
DEBUG;2016-03-11 00:00:29,883;load: LingvoComputer (En-Ru)
DEBUG;2016-03-11 00:00:29,913;load: Auto (En-Ru)
DEBUG;2016-03-11 00:00:29,914;load: LingvoGrammar (En-Ru)
DEBUG;2016-03-11 00:00:29,964;load: Americana (En-Ru)
DEBUG;2016-03-11 00:00:29,983;load: GreatBritain (En-Ru)
DEBUG;2016-03-11 00:00:30,023;load: Psychology (En-Ru)
DEBUG;2016-03-11 00:00:30,034;load: FinancialManagement (En-Ru)
DEBUG;2016-03-11 00:00:30,061;load: Patents (En-Ru)
DEBUG;2016-03-11 00:00:39,679;enable: Russian-German dictionary
DEBUG;2016-03-11 00:00:41,118;enable: Russian-English short dictionary
DEBUG;2016-03-11 00:00:45,385;enable: LingvoUniversal (En-Ru)
DEBUG;2016-03-11 00:00:52,013;enable: Universal (De-Ru)
DEBUG;2016-03-11 00:09:51,456;load: Auto (De-Ru)
DEBUG;2016-03-11 00:09:51,543;load: Law (De-Ru)
DEBUG;2016-03-11 00:09:51,554;load: Austria (De-Ru)
DEBUG;2016-03-11 00:09:51,592;load: Beer (De-Ru)
DEBUG;2016-03-11 00:09:51,594;load: TypicalMistakes (De-Ru)
DEBUG;2016-03-11 00:09:51,690;load: Food (De-Ru)
DEBUG;2016-03-11 00:09:51,775;load: Medical (De-Ru)
DEBUG;2016-03-11 00:09:51,780;load: Idioms (De-Ru)
DEBUG;2016-03-11 00:09:51,879;load: Economics (De-Ru)
DEBUG;2016-03-11 00:09:52,172;load: Polytechnical (De-Ru)
DEBUG;2016-03-11 00:09:52,175;load: Active (De-Ru)
DEBUG;2016-03-11 00:09:52,241;load: AutoService (De-Ru)
DEBUG;2016-03-11 00:09:52,266;load: Banks (De-Ru)
DEBUG;2016-03-11 00:09:52,277;load: Art (De-Ru)
DEBUG;2016-03-11 00:09:52,629;load: Universal (De-Ru)
DEBUG;2016-03-11 00:09:52,742;load: Chemistry (De-Ru)
DEBUG;2016-03-11 00:09:52,809;load: Russian-German dictionary
DEBUG;2016-03-11 00:09:52,974;load: Russian-English short dictionary
DEBUG;2016-03-11 00:09:53,057;load: Telecoms (En-Ru)
DEBUG;2016-03-11 00:09:53,384;load: LingvoScience (En-Ru)
DEBUG;2016-03-11 00:09:53,530;load: Biology (En-Ru)
DEBUG;2016-03-11 00:09:53,550;load: FinancialMarkets (En-Ru)
DEBUG;2016-03-11 00:09:53,671;load: Medical (En-Ru)
DEBUG;2016-03-11 00:09:53,776;load: Building (En-Ru)
DEBUG;2016-03-11 00:09:53,802;load: Marketing (En-Ru)
DEBUG;2016-03-11 00:09:53,836;load: MechanicalEngineering (En-Ru)
DEBUG;2016-03-11 00:09:53,957;load: OilAndGas (En-Ru)
DEBUG;2016-03-11 00:09:53,969;load: Accounting (En-Ru)
DEBUG;2016-03-11 00:09:54,072;load: Politics (En-Ru)
DEBUG;2016-03-11 00:09:54,103;load: Computers (En-Ru)
DEBUG;2016-03-11 00:09:54,171;load: Law (En-Ru)
DEBUG;2016-03-11 00:09:54,336;load: Engineering (En-Ru)
DEBUG;2016-03-11 00:09:54,356;load: Management (En-Ru)
DEBUG;2016-03-11 00:09:54,590;load: RadioElectronics (En-Ru)
DEBUG;2016-03-11 00:09:54,619;load: Informal (En-Ru)
DEBUG;2016-03-11 00:09:54,809;load: Physics (En-Ru)
DEBUG;2016-03-11 00:09:54,849;load: Idioms (En-Ru)
DEBUG;2016-03-11 00:09:55,031;load: LingvoUniversal (En-Ru)
DEBUG;2016-03-11 00:09:55,141;load: LingvoEconomics (En-Ru)
DEBUG;2016-03-11 00:09:55,144;load: Wine (En-Ru)
DEBUG;2016-03-11 00:09:55,250;load: LingvoComputer (En-Ru)
DEBUG;2016-03-11 00:09:55,279;load: Auto (En-Ru)
DEBUG;2016-03-11 00:09:55,281;load: LingvoGrammar (En-Ru)
DEBUG;2016-03-11 00:09:55,328;load: Americana (En-Ru)
DEBUG;2016-03-11 00:09:55,347;load: GreatBritain (En-Ru)
DEBUG;2016-03-11 00:09:55,386;load: Psychology (En-Ru)
DEBUG;2016-03-11 00:09:55,398;load: FinancialManagement (En-Ru)
DEBUG;2016-03-11 00:09:55,427;load: Patents (En-Ru)
DEBUG;2016-03-11 00:10:00,234;disable: Universal (De-Ru)
INFO;2016-03-11 00:10:01,159;available
DEBUG;2016-03-11 00:10:09,739;enable: Universal (De-Ru)
DEBUG;2016-03-11 00:10:11,884;disable: LingvoUniversal (En-Ru)
DEBUG;2016-03-11 00:10:18,554;enable: LingvoUniversal (En-Ru)
INFO;2016-03-11 00:10:20,249;disabled
INFO;2016-03-11 00:10:22,437;general
INFO;2016-03-11 00:10:58,028;merely
DEBUG;2016-03-11 00:11:02,705;disable: LingvoUniversal (En-Ru)
DEBUG;2016-03-11 00:11:12,763;enable: LingvoUniversal (En-Ru)
INFO;2016-03-11 00:11:13,941;merely
DEBUG;2016-03-11 00:11:17,940;enable: LingvoEconomics (En-Ru)
INFO;2016-03-11 00:11:19,425;see
DEBUG;2016-03-11 00:11:26,341;disable: LingvoEconomics (En-Ru)
INFO;2016-03-11 00:11:28,621;direct
INFO;2016-03-11 00:11:33,205;too
INFO;2016-03-11 00:11:56,185;allerdings
DEBUG;2016-03-11 00:12:09,694;enable: Idioms (De-Ru)
DEBUG;2016-03-11 00:12:11,647;enable: Active (De-Ru)
INFO;2016-03-11 00:12:14,195;stößt
INFO;2016-03-11 00:12:15,723;allerdings
INFO;2016-03-11 00:12:18,400;sprechen
INFO;2016-03-11 00:12:24,597;einer
INFO;2016-03-11 00:12:26,415;super
INFO;2016-03-11 00:12:29,303;mit
DEBUG;2016-03-11 00:13:28,410;load: Auto (De-Ru)
DEBUG;2016-03-11 00:13:28,493;load: Law (De-Ru)
DEBUG;2016-03-11 00:13:28,503;load: Austria (De-Ru)
DEBUG;2016-03-11 00:13:28,536;load: Beer (De-Ru)
DEBUG;2016-03-11 00:13:28,538;load: TypicalMistakes (De-Ru)
DEBUG;2016-03-11 00:13:28,631;load: Food (De-Ru)
DEBUG;2016-03-11 00:13:28,712;load: Medical (De-Ru)
DEBUG;2016-03-11 00:13:28,717;load: Idioms (De-Ru)
DEBUG;2016-03-11 00:13:28,814;load: Economics (De-Ru)
DEBUG;2016-03-11 00:13:29,088;load: Polytechnical (De-Ru)
DEBUG;2016-03-11 00:13:29,091;load: Active (De-Ru)
DEBUG;2016-03-11 00:13:29,155;load: AutoService (De-Ru)
DEBUG;2016-03-11 00:13:29,180;load: Banks (De-Ru)
DEBUG;2016-03-11 00:13:29,191;load: Art (De-Ru)
DEBUG;2016-03-11 00:13:29,544;load: Universal (De-Ru)
DEBUG;2016-03-11 00:13:29,678;load: Chemistry (De-Ru)
DEBUG;2016-03-11 00:13:29,746;load: Russian-German dictionary
DEBUG;2016-03-11 00:13:29,899;load: Russian-English short dictionary
DEBUG;2016-03-11 00:13:29,981;load: Telecoms (En-Ru)
DEBUG;2016-03-11 00:13:30,337;load: LingvoScience (En-Ru)
DEBUG;2016-03-11 00:13:30,496;load: Biology (En-Ru)
DEBUG;2016-03-11 00:13:30,520;load: FinancialMarkets (En-Ru)
DEBUG;2016-03-11 00:13:30,641;load: Medical (En-Ru)
DEBUG;2016-03-11 00:13:30,749;load: Building (En-Ru)
DEBUG;2016-03-11 00:13:30,775;load: Marketing (En-Ru)
DEBUG;2016-03-11 00:13:30,809;load: MechanicalEngineering (En-Ru)
DEBUG;2016-03-11 00:13:30,941;load: OilAndGas (En-Ru)
DEBUG;2016-03-11 00:13:30,952;load: Accounting (En-Ru)
DEBUG;2016-03-11 00:13:31,054;load: Politics (En-Ru)
DEBUG;2016-03-11 00:13:31,084;load: Computers (En-Ru)
DEBUG;2016-03-11 00:13:31,149;load: Law (En-Ru)
DEBUG;2016-03-11 00:13:31,318;load: Engineering (En-Ru)
DEBUG;2016-03-11 00:13:31,336;load: Management (En-Ru)
DEBUG;2016-03-11 00:13:31,596;load: RadioElectronics (En-Ru)
DEBUG;2016-03-11 00:13:31,629;load: Informal (En-Ru)
DEBUG;2016-03-11 00:13:31,834;load: Physics (En-Ru)
DEBUG;2016-03-11 00:13:31,873;load: Idioms (En-Ru)
DEBUG;2016-03-11 00:13:32,052;load: LingvoUniversal (En-Ru)
DEBUG;2016-03-11 00:13:32,163;load: LingvoEconomics (En-Ru)
DEBUG;2016-03-11 00:13:32,166;load: Wine (En-Ru)
DEBUG;2016-03-11 00:13:32,291;load: LingvoComputer (En-Ru)
DEBUG;2016-03-11 00:13:32,325;load: Auto (En-Ru)
DEBUG;2016-03-11 00:13:32,327;load: LingvoGrammar (En-Ru)
DEBUG;2016-03-11 00:13:32,376;load: Americana (En-Ru)
DEBUG;2016-03-11 00:13:32,395;load: GreatBritain (En-Ru)
DEBUG;2016-03-11 00:13:32,435;load: Psychology (En-Ru)
DEBUG;2016-03-11 00:13:32,447;load: FinancialManagement (En-Ru)
DEBUG;2016-03-11 00:13:32,473;load: Patents (En-Ru)
DEBUG;2016-03-11 00:14:11,772;load: Auto (De-Ru)
DEBUG;2016-03-11 00:14:11,852;load: Law (De-Ru)
DEBUG;2016-03-11 00:14:11,862;load: Austria (De-Ru)
DEBUG;2016-03-11 00:14:11,896;load: Beer (De-Ru)
DEBUG;2016-03-11 00:14:11,898;load: TypicalMistakes (De-Ru)
DEBUG;2016-03-11 00:14:11,991;load: Food (De-Ru)
DEBUG;2016-03-11 00:14:12,075;load: Medical (De-Ru)
DEBUG;2016-03-11 00:14:12,080;load: Idioms (De-Ru)
DEBUG;2016-03-11 00:14:12,179;load: Economics (De-Ru)
DEBUG;2016-03-11 00:14:12,457;load: Polytechnical (De-Ru)
DEBUG;2016-03-11 00:14:12,460;load: Active (De-Ru)
DEBUG;2016-03-11 00:14:12,519;load: AutoService (De-Ru)
DEBUG;2016-03-11 00:14:12,544;load: Banks (De-Ru)
DEBUG;2016-03-11 00:14:12,555;load: Art (De-Ru)
DEBUG;2016-03-11 00:14:12,924;load: Universal (De-Ru)
DEBUG;2016-03-11 00:14:13,048;load: Chemistry (De-Ru)
DEBUG;2016-03-11 00:14:13,119;load: Russian-German dictionary
DEBUG;2016-03-11 00:14:13,279;load: Russian-English short dictionary
DEBUG;2016-03-11 00:14:13,361;load: Telecoms (En-Ru)
DEBUG;2016-03-11 00:14:13,688;load: LingvoScience (En-Ru)
DEBUG;2016-03-11 00:14:13,846;load: Biology (En-Ru)
DEBUG;2016-03-11 00:14:13,869;load: FinancialMarkets (En-Ru)
DEBUG;2016-03-11 00:14:13,992;load: Medical (En-Ru)
DEBUG;2016-03-11 00:14:14,097;load: Building (En-Ru)
DEBUG;2016-03-11 00:14:14,124;load: Marketing (En-Ru)
DEBUG;2016-03-11 00:14:14,161;load: MechanicalEngineering (En-Ru)
DEBUG;2016-03-11 00:14:14,273;load: OilAndGas (En-Ru)
DEBUG;2016-03-11 00:14:14,284;load: Accounting (En-Ru)
DEBUG;2016-03-11 00:14:14,393;load: Politics (En-Ru)
DEBUG;2016-03-11 00:14:14,427;load: Computers (En-Ru)
DEBUG;2016-03-11 00:14:14,498;load: Law (En-Ru)
DEBUG;2016-03-11 00:14:14,685;load: Engineering (En-Ru)
DEBUG;2016-03-11 00:14:14,706;load: Management (En-Ru)
DEBUG;2016-03-11 00:14:14,947;load: RadioElectronics (En-Ru)
DEBUG;2016-03-11 00:14:14,977;load: Informal (En-Ru)
DEBUG;2016-03-11 00:14:15,172;load: Physics (En-Ru)
DEBUG;2016-03-11 00:14:15,214;load: Idioms (En-Ru)
DEBUG;2016-03-11 00:14:15,414;load: LingvoUniversal (En-Ru)
DEBUG;2016-03-11 00:14:15,522;load: LingvoEconomics (En-Ru)
DEBUG;2016-03-11 00:14:15,525;load: Wine (En-Ru)
DEBUG;2016-03-11 00:14:15,628;load: LingvoComputer (En-Ru)
DEBUG;2016-03-11 00:14:15,657;load: Auto (En-Ru)
DEBUG;2016-03-11 00:14:15,659;load: LingvoGrammar (En-Ru)
DEBUG;2016-03-11 00:14:15,706;load: Americana (En-Ru)
DEBUG;2016-03-11 00:14:15,726;load: GreatBritain (En-Ru)
DEBUG;2016-03-11 00:14:15,765;load: Psychology (En-Ru)
DEBUG;2016-03-11 00:14:15,777;load: FinancialManagement (En-Ru)
DEBUG;2016-03-11 00:14:15,805;load: Patents (En-Ru)
INFO;2016-03-11 00:14:18,170;einen
INFO;2016-03-11 00:14:20,660;zudem
DEBUG;2016-03-11 00:14:24,607;enable: Auto (De-Ru)
DEBUG;2016-03-11 00:14:25,743;enable: Law (De-Ru)
DEBUG;2016-03-11 00:14:26,878;enable: Austria (De-Ru)
DEBUG;2016-03-11 00:14:28,686;enable: Beer (De-Ru)
DEBUG;2016-03-11 00:14:31,307;enable: TypicalMistakes (De-Ru)
DEBUG;2016-03-11 00:14:47,814;disable: Austria (De-Ru)
DEBUG;2016-03-11 00:14:49,585;disable: Beer (De-Ru)
INFO;2016-03-11 00:14:53,575;auf
INFO;2016-03-11 00:14:59,556;auseinander
INFO;2016-03-11 00:15:04,834;hoch
DEBUG;2016-03-11 00:15:11,912;enable: Medical (De-Ru)
INFO;2016-03-11 00:15:14,609;hoch
INFO;2016-03-11 00:15:19,935;katastrophal
INFO;2016-03-11 00:15:29,097;einer
INFO;2016-03-11 00:15:32,480;seitens
INFO;2016-03-11 00:15:35,633;lang
INFO;2016-03-11 00:15:50,578;weiter
INFO;2016-03-11 00:15:52,350;lang
INFO;2016-03-11 00:15:53,996;denn
INFO;2016-03-11 00:15:59,524;lang
INFO;2016-03-11 00:16:02,218;gelungen
INFO;2016-03-11 00:16:05,957;begrenzt
INFO;2016-03-11 00:16:08,112;beeinflussen
INFO;2016-03-11 00:16:14,737;sonst
INFO;2016-03-11 00:16:16,296;zunehmend
INFO;2016-03-11 00:16:17,736;zinsen
DEBUG;2016-03-11 00:18:02,905;load: Auto (De-Ru)
DEBUG;2016-03-11 00:18:02,992;load: Law (De-Ru)
DEBUG;2016-03-11 00:18:03,003;load: Austria (De-Ru)
DEBUG;2016-03-11 00:18:03,038;load: Beer (De-Ru)
DEBUG;2016-03-11 00:18:03,041;load: TypicalMistakes (De-Ru)
DEBUG;2016-03-11 00:18:03,141;load: Food (De-Ru)
DEBUG;2016-03-11 00:18:03,228;load: Medical (De-Ru)
DEBUG;2016-03-11 00:18:03,232;load: Idioms (De-Ru)
DEBUG;2016-03-11 00:18:03,330;load: Economics (De-Ru)
DEBUG;2016-03-11 00:18:03,610;load: Polytechnical (De-Ru)
DEBUG;2016-03-11 00:18:03,613;load: Active (De-Ru)
DEBUG;2016-03-11 00:18:03,674;load: AutoService (De-Ru)
DEBUG;2016-03-11 00:18:03,700;load: Banks (De-Ru)
DEBUG;2016-03-11 00:18:03,712;load: Art (De-Ru)
DEBUG;2016-03-11 00:18:04,050;load: Universal (De-Ru)
DEBUG;2016-03-11 00:18:04,164;load: Chemistry (De-Ru)
DEBUG;2016-03-11 00:18:04,230;load: Russian-German dictionary
DEBUG;2016-03-11 00:18:04,385;load: Russian-English short dictionary
DEBUG;2016-03-11 00:18:04,469;load: Telecoms (En-Ru)
DEBUG;2016-03-11 00:18:04,792;load: LingvoScience (En-Ru)
DEBUG;2016-03-11 00:18:04,949;load: Biology (En-Ru)
DEBUG;2016-03-11 00:18:04,969;load: FinancialMarkets (En-Ru)
DEBUG;2016-03-11 00:18:05,089;load: Medical (En-Ru)
DEBUG;2016-03-11 00:18:05,207;load: Building (En-Ru)
DEBUG;2016-03-11 00:18:05,236;load: Marketing (En-Ru)
DEBUG;2016-03-11 00:18:05,271;load: MechanicalEngineering (En-Ru)
DEBUG;2016-03-11 00:18:05,386;load: OilAndGas (En-Ru)
DEBUG;2016-03-11 00:18:05,398;load: Accounting (En-Ru)
DEBUG;2016-03-11 00:18:05,504;load: Politics (En-Ru)
DEBUG;2016-03-11 00:18:05,535;load: Computers (En-Ru)
DEBUG;2016-03-11 00:18:05,600;load: Law (En-Ru)
DEBUG;2016-03-11 00:18:05,770;load: Engineering (En-Ru)
DEBUG;2016-03-11 00:18:05,790;load: Management (En-Ru)
DEBUG;2016-03-11 00:18:06,024;load: RadioElectronics (En-Ru)
DEBUG;2016-03-11 00:18:06,053;load: Informal (En-Ru)
DEBUG;2016-03-11 00:18:06,241;load: Physics (En-Ru)
DEBUG;2016-03-11 00:18:06,279;load: Idioms (En-Ru)
DEBUG;2016-03-11 00:18:06,456;load: LingvoUniversal (En-Ru)
DEBUG;2016-03-11 00:18:06,564;load: LingvoEconomics (En-Ru)
DEBUG;2016-03-11 00:18:06,567;load: Wine (En-Ru)
DEBUG;2016-03-11 00:18:06,673;load: LingvoComputer (En-Ru)
DEBUG;2016-03-11 00:18:06,703;load: Auto (En-Ru)
DEBUG;2016-03-11 00:18:06,704;load: LingvoGrammar (En-Ru)
DEBUG;2016-03-11 00:18:06,752;load: Americana (En-Ru)
DEBUG;2016-03-11 00:18:06,772;load: GreatBritain (En-Ru)
DEBUG;2016-03-11 00:18:06,811;load: Psychology (En-Ru)
DEBUG;2016-03-11 00:18:06,823;load: FinancialManagement (En-Ru)
DEBUG;2016-03-11 00:18:06,850;load: Patents (En-Ru)
DEBUG;2016-03-11 00:18:25,983;load: Auto (De-Ru)
DEBUG;2016-03-11 00:18:26,068;load: Law (De-Ru)
DEBUG;2016-03-11 00:18:26,079;load: Austria (De-Ru)
DEBUG;2016-03-11 00:18:26,114;load: Beer (De-Ru)
DEBUG;2016-03-11 00:18:26,117;load: TypicalMistakes (De-Ru)
DEBUG;2016-03-11 00:18:26,214;load: Food (De-Ru)
DEBUG;2016-03-11 00:18:26,298;load: Medical (De-Ru)
DEBUG;2016-03-11 00:18:26,303;load: Idioms (De-Ru)
DEBUG;2016-03-11 00:18:26,402;load: Economics (De-Ru)
DEBUG;2016-03-11 00:18:26,682;load: Polytechnical (De-Ru)
DEBUG;2016-03-11 00:18:26,685;load: Active (De-Ru)
DEBUG;2016-03-11 00:18:26,745;load: AutoService (De-Ru)
DEBUG;2016-03-11 00:18:26,772;load: Banks (De-Ru)
DEBUG;2016-03-11 00:18:26,783;load: Art (De-Ru)
DEBUG;2016-03-11 00:18:27,114;load: Universal (De-Ru)
DEBUG;2016-03-11 00:18:27,227;load: Chemistry (De-Ru)
DEBUG;2016-03-11 00:18:27,293;load: Russian-German dictionary
DEBUG;2016-03-11 00:18:27,449;load: Russian-English short dictionary
DEBUG;2016-03-11 00:18:27,531;load: Telecoms (En-Ru)
DEBUG;2016-03-11 00:18:27,844;load: LingvoScience (En-Ru)
DEBUG;2016-03-11 00:18:27,985;load: Biology (En-Ru)
DEBUG;2016-03-11 00:18:28,005;load: FinancialMarkets (En-Ru)
DEBUG;2016-03-11 00:18:28,123;load: Medical (En-Ru)
DEBUG;2016-03-11 00:18:28,228;load: Building (En-Ru)
DEBUG;2016-03-11 00:18:28,255;load: Marketing (En-Ru)
DEBUG;2016-03-11 00:18:28,288;load: MechanicalEngineering (En-Ru)
DEBUG;2016-03-11 00:18:28,400;load: OilAndGas (En-Ru)
DEBUG;2016-03-11 00:18:28,412;load: Accounting (En-Ru)
DEBUG;2016-03-11 00:18:28,516;load: Politics (En-Ru)
DEBUG;2016-03-11 00:18:28,547;load: Computers (En-Ru)
DEBUG;2016-03-11 00:18:28,612;load: Law (En-Ru)
DEBUG;2016-03-11 00:18:28,780;load: Engineering (En-Ru)
DEBUG;2016-03-11 00:18:28,799;load: Management (En-Ru)
DEBUG;2016-03-11 00:18:29,029;load: RadioElectronics (En-Ru)
DEBUG;2016-03-11 00:18:29,059;load: Informal (En-Ru)
DEBUG;2016-03-11 00:18:29,249;load: Physics (En-Ru)
DEBUG;2016-03-11 00:18:29,287;load: Idioms (En-Ru)
DEBUG;2016-03-11 00:18:29,464;load: LingvoUniversal (En-Ru)
DEBUG;2016-03-11 00:18:29,573;load: LingvoEconomics (En-Ru)
DEBUG;2016-03-11 00:18:29,575;load: Wine (En-Ru)
DEBUG;2016-03-11 00:18:29,681;load: LingvoComputer (En-Ru)
DEBUG;2016-03-11 00:18:29,712;load: Auto (En-Ru)
DEBUG;2016-03-11 00:18:29,713;load: LingvoGrammar (En-Ru)
DEBUG;2016-03-11 00:18:29,762;load: Americana (En-Ru)
DEBUG;2016-03-11 00:18:29,782;load: GreatBritain (En-Ru)
DEBUG;2016-03-11 00:18:29,824;load: Psychology (En-Ru)
DEBUG;2016-03-11 00:18:29,836;load: FinancialManagement (En-Ru)
DEBUG;2016-03-11 00:18:29,864;load: Patents (En-Ru)
INFO;2016-03-11 00:18:45,089;erfolg
INFO;2016-03-11 00:18:49,292;bevölkerung
INFO;2016-03-11 00:18:50,891;denn
INFO;2016-03-11 00:18:54,105;zinsen
INFO;2016-03-11 00:18:57,417;bürger
INFO;2016-03-11 00:19:15,776;translation
INFO;2016-03-11 00:19:27,428;console
DEBUG;2016-03-11 00:19:38,566;load: Auto (De-Ru)
DEBUG;2016-03-11 00:19:38,654;load: Law (De-Ru)
DEBUG;2016-03-11 00:19:38,665;load: Austria (De-Ru)
DEBUG;2016-03-11 00:19:38,701;load: Beer (De-Ru)
DEBUG;2016-03-11 00:19:38,704;load: TypicalMistakes (De-Ru)
DEBUG;2016-03-11 00:19:38,802;load: Food (De-Ru)
DEBUG;2016-03-11 00:19:38,889;load: Medical (De-Ru)
DEBUG;2016-03-11 00:19:38,894;load: Idioms (De-Ru)
DEBUG;2016-03-11 00:19:38,994;load: Economics (De-Ru)
DEBUG;2016-03-11 00:19:39,276;load: Polytechnical (De-Ru)
DEBUG;2016-03-11 00:19:39,279;load: Active (De-Ru)
DEBUG;2016-03-11 00:19:39,340;load: AutoService (De-Ru)
DEBUG;2016-03-11 00:19:39,366;load: Banks (De-Ru)
DEBUG;2016-03-11 00:19:39,378;load: Art (De-Ru)
DEBUG;2016-03-11 00:19:39,708;load: Universal (De-Ru)
DEBUG;2016-03-11 00:19:39,818;load: Chemistry (De-Ru)
DEBUG;2016-03-11 00:19:39,884;load: Russian-German dictionary
DEBUG;2016-03-11 00:19:40,039;load: Russian-English short dictionary
DEBUG;2016-03-11 00:19:40,121;load: Telecoms (En-Ru)
DEBUG;2016-03-11 00:19:40,438;load: LingvoScience (En-Ru)
DEBUG;2016-03-11 00:19:40,581;load: Biology (En-Ru)
DEBUG;2016-03-11 00:19:40,601;load: FinancialMarkets (En-Ru)
DEBUG;2016-03-11 00:19:40,719;load: Medical (En-Ru)
DEBUG;2016-03-11 00:19:40,827;load: Building (En-Ru)
DEBUG;2016-03-11 00:19:40,853;load: Marketing (En-Ru)
DEBUG;2016-03-11 00:19:40,887;load: MechanicalEngineering (En-Ru)
DEBUG;2016-03-11 00:19:41,003;load: OilAndGas (En-Ru)
DEBUG;2016-03-11 00:19:41,015;load: Accounting (En-Ru)
DEBUG;2016-03-11 00:19:41,118;load: Politics (En-Ru)
DEBUG;2016-03-11 00:19:41,149;load: Computers (En-Ru)
DEBUG;2016-03-11 00:19:41,214;load: Law (En-Ru)
DEBUG;2016-03-11 00:19:41,380;load: Engineering (En-Ru)
DEBUG;2016-03-11 00:19:41,399;load: Management (En-Ru)
DEBUG;2016-03-11 00:19:41,630;load: RadioElectronics (En-Ru)
DEBUG;2016-03-11 00:19:41,660;load: Informal (En-Ru)
DEBUG;2016-03-11 00:19:41,845;load: Physics (En-Ru)
DEBUG;2016-03-11 00:19:41,884;load: Idioms (En-Ru)
DEBUG;2016-03-11 00:19:42,065;load: LingvoUniversal (En-Ru)
DEBUG;2016-03-11 00:19:42,176;load: LingvoEconomics (En-Ru)
DEBUG;2016-03-11 00:19:42,179;load: Wine (En-Ru)
DEBUG;2016-03-11 00:19:42,285;load: LingvoComputer (En-Ru)
DEBUG;2016-03-11 00:19:42,315;load: Auto (En-Ru)
DEBUG;2016-03-11 00:19:42,316;load: LingvoGrammar (En-Ru)
DEBUG;2016-03-11 00:19:42,365;load: Americana (En-Ru)
DEBUG;2016-03-11 00:19:42,386;load: GreatBritain (En-Ru)
DEBUG;2016-03-11 00:19:42,426;load: Psychology (En-Ru)
DEBUG;2016-03-11 00:19:42,438;load: FinancialManagement (En-Ru)
DEBUG;2016-03-11 00:19:42,465;load: Patents (En-Ru)
INFO;2016-03-11 00:19:43,369;disable
DEBUG;2016-03-11 00:20:16,339;load: Auto (De-Ru)
DEBUG;2016-03-11 00:20:16,427;load: Law (De-Ru)
DEBUG;2016-03-11 00:20:16,438;load: Austria (De-Ru)
DEBUG;2016-03-11 00:20:16,473;load: Beer (De-Ru)
DEBUG;2016-03-11 00:20:16,476;load: TypicalMistakes (De-Ru)
DEBUG;2016-03-11 00:20:16,572;load: Food (De-Ru)
DEBUG;2016-03-11 00:20:16,657;load: Medical (De-Ru)
DEBUG;2016-03-11 00:20:16,662;load: Idioms (De-Ru)
DEBUG;2016-03-11 00:20:16,763;load: Economics (De-Ru)
DEBUG;2016-03-11 00:20:17,049;load: Polytechnical (De-Ru)
DEBUG;2016-03-11 00:20:17,052;load: Active (De-Ru)
DEBUG;2016-03-11 00:20:17,114;load: AutoService (De-Ru)
DEBUG;2016-03-11 00:20:17,141;load: Banks (De-Ru)
DEBUG;2016-03-11 00:20:17,152;load: Art (De-Ru)
DEBUG;2016-03-11 00:20:17,486;load: Universal (De-Ru)
DEBUG;2016-03-11 00:20:17,595;load: Chemistry (De-Ru)
DEBUG;2016-03-11 00:20:17,661;load: Russian-German dictionary
DEBUG;2016-03-11 00:20:17,817;load: Russian-English short dictionary
DEBUG;2016-03-11 00:20:17,899;load: Telecoms (En-Ru)
DEBUG;2016-03-11 00:20:18,216;load: LingvoScience (En-Ru)
DEBUG;2016-03-11 00:20:18,356;load: Biology (En-Ru)
DEBUG;2016-03-11 00:20:18,376;load: FinancialMarkets (En-Ru)
DEBUG;2016-03-11 00:20:18,495;load: Medical (En-Ru)
DEBUG;2016-03-11 00:20:18,599;load: Building (En-Ru)
DEBUG;2016-03-11 00:20:18,626;load: Marketing (En-Ru)
DEBUG;2016-03-11 00:20:18,658;load: MechanicalEngineering (En-Ru)
DEBUG;2016-03-11 00:20:18,771;load: OilAndGas (En-Ru)
DEBUG;2016-03-11 00:20:18,783;load: Accounting (En-Ru)
DEBUG;2016-03-11 00:20:18,882;load: Politics (En-Ru)
DEBUG;2016-03-11 00:20:18,912;load: Computers (En-Ru)
DEBUG;2016-03-11 00:20:18,974;load: Law (En-Ru)
DEBUG;2016-03-11 00:20:19,141;load: Engineering (En-Ru)
DEBUG;2016-03-11 00:20:19,161;load: Management (En-Ru)
DEBUG;2016-03-11 00:20:19,391;load: RadioElectronics (En-Ru)
DEBUG;2016-03-11 00:20:19,420;load: Informal (En-Ru)
DEBUG;2016-03-11 00:20:19,606;load: Physics (En-Ru)
DEBUG;2016-03-11 00:20:19,644;load: Idioms (En-Ru)
DEBUG;2016-03-11 00:20:19,819;load: LingvoUniversal (En-Ru)
DEBUG;2016-03-11 00:20:19,926;load: LingvoEconomics (En-Ru)
DEBUG;2016-03-11 00:20:19,929;load: Wine (En-Ru)
DEBUG;2016-03-11 00:20:20,033;load: LingvoComputer (En-Ru)
DEBUG;2016-03-11 00:20:20,063;load: Auto (En-Ru)
DEBUG;2016-03-11 00:20:20,064;load: LingvoGrammar (En-Ru)
DEBUG;2016-03-11 00:20:20,112;load: Americana (En-Ru)
DEBUG;2016-03-11 00:20:20,132;load: GreatBritain (En-Ru)
DEBUG;2016-03-11 00:20:20,174;load: Psychology (En-Ru)
DEBUG;2016-03-11 00:20:20,186;load: FinancialManagement (En-Ru)
DEBUG;2016-03-11 00:20:20,212;load: Patents (En-Ru)
INFO;2016-03-11 00:20:21,253;disable
INFO;2016-03-11 00:20:27,341;zinsen
INFO;2016-03-11 00:20:33,865;bilanz
INFO;2016-03-11 00:22:17,215;return
INFO;2016-03-11 00:22:29,545;len
INFO;2016-03-11 00:22:38,996;translation
INFO;2016-03-11 00:22:56,889;translation
INFO;2016-03-11 00:22:57,070;translation
INFO;2016-03-11 00:23:00,848;translation
INFO;2016-03-11 00:23:01,095;translation
INFO;2016-03-11 00:23:20,739;is
INFO;2016-03-11 00:23:24,262;translation
INFO;2016-03-11 00:23:26,629;is
INFO;2016-03-11 00:23:41,176;text
INFO;2016-03-11 00:23:49,436;text
INFO;2016-03-11 00:23:53,148;translation
INFO;2016-03-11 00:23:53,303;translation
INFO;2016-03-11 00:24:15,505;translation
INFO;2016-03-11 00:24:20,136;translation
INFO;2016-03-11 00:24:21,627;translation
INFO;2016-03-11 00:24:38,296;is
INFO;2016-03-11 00:24:46,568;translation
INFO;2016-03-11 00:24:50,386;not
INFO;2016-03-11 00:24:52,382;translation
DEBUG;2016-03-11 00:25:10,761;load: Auto (De-Ru)
DEBUG;2016-03-11 00:25:10,844;load: Law (De-Ru)
DEBUG;2016-03-11 00:25:10,854;load: Austria (De-Ru)
DEBUG;2016-03-11 00:25:10,889;load: Beer (De-Ru)
DEBUG;2016-03-11 00:25:10,892;load: TypicalMistakes (De-Ru)
DEBUG;2016-03-11 00:25:10,988;load: Food (De-Ru)
DEBUG;2016-03-11 00:25:11,073;load: Medical (De-Ru)
DEBUG;2016-03-11 00:25:11,078;load: Idioms (De-Ru)
DEBUG;2016-03-11 00:25:11,179;load: Economics (De-Ru)
DEBUG;2016-03-11 00:25:11,456;load: Polytechnical (De-Ru)
DEBUG;2016-03-11 00:25:11,459;load: Active (De-Ru)
DEBUG;2016-03-11 00:25:11,520;load: AutoService (De-Ru)
DEBUG;2016-03-11 00:25:11,546;load: Banks (De-Ru)
DEBUG;2016-03-11 00:25:11,558;load: Art (De-Ru)
DEBUG;2016-03-11 00:25:11,885;load: Universal (De-Ru)
DEBUG;2016-03-11 00:25:11,995;load: Chemistry (De-Ru)
DEBUG;2016-03-11 00:25:12,061;load: Russian-German dictionary
DEBUG;2016-03-11 00:25:12,220;load: Russian-English short dictionary
DEBUG;2016-03-11 00:25:12,303;load: Telecoms (En-Ru)
DEBUG;2016-03-11 00:25:12,616;load: LingvoScience (En-Ru)
DEBUG;2016-03-11 00:25:12,757;load: Biology (En-Ru)
DEBUG;2016-03-11 00:25:12,777;load: FinancialMarkets (En-Ru)
DEBUG;2016-03-11 00:25:12,895;load: Medical (En-Ru)
DEBUG;2016-03-11 00:25:12,999;load: Building (En-Ru)
DEBUG;2016-03-11 00:25:13,026;load: Marketing (En-Ru)
DEBUG;2016-03-11 00:25:13,059;load: MechanicalEngineering (En-Ru)
DEBUG;2016-03-11 00:25:13,173;load: OilAndGas (En-Ru)
DEBUG;2016-03-11 00:25:13,185;load: Accounting (En-Ru)
DEBUG;2016-03-11 00:25:13,285;load: Politics (En-Ru)
DEBUG;2016-03-11 00:25:13,315;load: Computers (En-Ru)
DEBUG;2016-03-11 00:25:13,379;load: Law (En-Ru)
DEBUG;2016-03-11 00:25:13,546;load: Engineering (En-Ru)
DEBUG;2016-03-11 00:25:13,566;load: Management (En-Ru)
DEBUG;2016-03-11 00:25:13,797;load: RadioElectronics (En-Ru)
DEBUG;2016-03-11 00:25:13,827;load: Informal (En-Ru)
DEBUG;2016-03-11 00:25:14,011;load: Physics (En-Ru)
DEBUG;2016-03-11 00:25:14,050;load: Idioms (En-Ru)
DEBUG;2016-03-11 00:25:14,252;load: LingvoUniversal (En-Ru)
DEBUG;2016-03-11 00:25:14,361;load: LingvoEconomics (En-Ru)
DEBUG;2016-03-11 00:25:14,363;load: Wine (En-Ru)
DEBUG;2016-03-11 00:25:14,468;load: LingvoComputer (En-Ru)
DEBUG;2016-03-11 00:25:14,498;load: Auto (En-Ru)
DEBUG;2016-03-11 00:25:14,500;load: LingvoGrammar (En-Ru)
DEBUG;2016-03-11 00:25:14,548;load: Americana (En-Ru)
DEBUG;2016-03-11 00:25:14,568;load: GreatBritain (En-Ru)
DEBUG;2016-03-11 00:25:14,608;load: Psychology (En-Ru)
DEBUG;2016-03-11 00:25:14,619;load: FinancialManagement (En-Ru)
DEBUG;2016-03-11 00:25:14,646;load: Patents (En-Ru)
INFO;2016-03-11 00:25:24,440;text
INFO;2016-03-11 00:25:37,448;bilanz
INFO;2016-03-11 00:25:41,854;weiter
INFO;2016-03-11 00:26:55,226;text
INFO;2016-03-11 00:26:56,481;text
INFO;2016-03-11 00:27:19,451;translation
DEBUG;2016-03-11 00:27:33,244;load: Auto (De-Ru)
DEBUG;2016-03-11 00:27:33,328;load: Law (De-Ru)
DEBUG;2016-03-11 00:27:33,338;load: Austria (De-Ru)
DEBUG;2016-03-11 00:27:33,373;load: Beer (De-Ru)
DEBUG;2016-03-11 00:27:33,375;load: TypicalMistakes (De-Ru)
DEBUG;2016-03-11 00:27:33,471;load: Food (De-Ru)
DEBUG;2016-03-11 00:27:33,562;load: Medical (De-Ru)
DEBUG;2016-03-11 00:27:33,567;load: Idioms (De-Ru)
DEBUG;2016-03-11 00:27:33,674;load: Economics (De-Ru)
DEBUG;2016-03-11 00:27:33,965;load: Polytechnical (De-Ru)
DEBUG;2016-03-11 00:27:33,968;load: Active (De-Ru)
DEBUG;2016-03-11 00:27:34,030;load: AutoService (De-Ru)
DEBUG;2016-03-11 00:27:34,056;load: Banks (De-Ru)
DEBUG;2016-03-11 00:27:34,067;load: Art (De-Ru)
DEBUG;2016-03-11 00:27:34,405;load: Universal (De-Ru)
DEBUG;2016-03-11 00:27:34,519;load: Chemistry (De-Ru)
DEBUG;2016-03-11 00:27:34,591;load: Russian-German dictionary
DEBUG;2016-03-11 00:27:34,750;load: Russian-English short dictionary
DEBUG;2016-03-11 00:27:34,833;load: Telecoms (En-Ru)
DEBUG;2016-03-11 00:27:35,158;load: LingvoScience (En-Ru)
DEBUG;2016-03-11 00:27:35,302;load: Biology (En-Ru)
DEBUG;2016-03-11 00:27:35,322;load: FinancialMarkets (En-Ru)
DEBUG;2016-03-11 00:27:35,440;load: Medical (En-Ru)
DEBUG;2016-03-11 00:27:35,544;load: Building (En-Ru)
DEBUG;2016-03-11 00:27:35,570;load: Marketing (En-Ru)
DEBUG;2016-03-11 00:27:35,604;load: MechanicalEngineering (En-Ru)
DEBUG;2016-03-11 00:27:35,717;load: OilAndGas (En-Ru)
DEBUG;2016-03-11 00:27:35,729;load: Accounting (En-Ru)
DEBUG;2016-03-11 00:27:35,829;load: Politics (En-Ru)
DEBUG;2016-03-11 00:27:35,859;load: Computers (En-Ru)
DEBUG;2016-03-11 00:27:35,923;load: Law (En-Ru)
DEBUG;2016-03-11 00:27:36,090;load: Engineering (En-Ru)
DEBUG;2016-03-11 00:27:36,109;load: Management (En-Ru)
DEBUG;2016-03-11 00:27:36,343;load: RadioElectronics (En-Ru)
DEBUG;2016-03-11 00:27:36,373;load: Informal (En-Ru)
DEBUG;2016-03-11 00:27:36,559;load: Physics (En-Ru)
DEBUG;2016-03-11 00:27:36,598;load: Idioms (En-Ru)
DEBUG;2016-03-11 00:27:36,779;load: LingvoUniversal (En-Ru)
DEBUG;2016-03-11 00:27:36,888;load: LingvoEconomics (En-Ru)
DEBUG;2016-03-11 00:27:36,890;load: Wine (En-Ru)
DEBUG;2016-03-11 00:27:36,995;load: LingvoComputer (En-Ru)
DEBUG;2016-03-11 00:27:37,026;load: Auto (En-Ru)
DEBUG;2016-03-11 00:27:37,028;load: LingvoGrammar (En-Ru)
DEBUG;2016-03-11 00:27:37,076;load: Americana (En-Ru)
DEBUG;2016-03-11 00:27:37,097;load: GreatBritain (En-Ru)
DEBUG;2016-03-11 00:27:37,139;load: Psychology (En-Ru)
DEBUG;2016-03-11 00:27:37,152;load: FinancialManagement (En-Ru)
DEBUG;2016-03-11 00:27:37,182;load: Patents (En-Ru)
INFO;2016-03-11 00:27:45,132;name
INFO;2016-03-11 00:27:48,893;translation
INFO;2016-03-11 00:27:50,725;not
INFO;2016-03-11 00:28:33,261;not
INFO;2016-03-11 00:29:05,273;translation
INFO;2016-03-11 00:29:11,003;not
INFO;2016-03-11 00:30:16,625;translation
DEBUG;2016-03-11 00:30:22,629;load: Auto (De-Ru)
DEBUG;2016-03-11 00:30:22,714;load: Law (De-Ru)
DEBUG;2016-03-11 00:30:22,725;load: Austria (De-Ru)
DEBUG;2016-03-11 00:30:22,759;load: Beer (De-Ru)
DEBUG;2016-03-11 00:30:22,762;load: TypicalMistakes (De-Ru)
DEBUG;2016-03-11 00:30:22,858;load: Food (De-Ru)
DEBUG;2016-03-11 00:30:22,945;load: Medical (De-Ru)
DEBUG;2016-03-11 00:30:22,950;load: Idioms (De-Ru)
DEBUG;2016-03-11 00:30:23,049;load: Economics (De-Ru)
DEBUG;2016-03-11 00:30:23,332;load: Polytechnical (De-Ru)
DEBUG;2016-03-11 00:30:23,335;load: Active (De-Ru)
DEBUG;2016-03-11 00:30:23,395;load: AutoService (De-Ru)
DEBUG;2016-03-11 00:30:23,420;load: Banks (De-Ru)
DEBUG;2016-03-11 00:30:23,432;load: Art (De-Ru)
DEBUG;2016-03-11 00:30:23,762;load: Universal (De-Ru)
DEBUG;2016-03-11 00:30:23,871;load: Chemistry (De-Ru)
DEBUG;2016-03-11 00:30:23,937;load: Russian-German dictionary
DEBUG;2016-03-11 00:30:24,095;load: Russian-English short dictionary
DEBUG;2016-03-11 00:30:24,181;load: Telecoms (En-Ru)
DEBUG;2016-03-11 00:30:24,495;load: LingvoScience (En-Ru)
DEBUG;2016-03-11 00:30:24,638;load: Biology (En-Ru)
DEBUG;2016-03-11 00:30:24,659;load: FinancialMarkets (En-Ru)
DEBUG;2016-03-11 00:30:24,774;load: Medical (En-Ru)
DEBUG;2016-03-11 00:30:24,879;load: Building (En-Ru)
DEBUG;2016-03-11 00:30:24,906;load: Marketing (En-Ru)
DEBUG;2016-03-11 00:30:24,941;load: MechanicalEngineering (En-Ru)
DEBUG;2016-03-11 00:30:25,053;load: OilAndGas (En-Ru)
DEBUG;2016-03-11 00:30:25,065;load: Accounting (En-Ru)
DEBUG;2016-03-11 00:30:25,169;load: Politics (En-Ru)
DEBUG;2016-03-11 00:30:25,199;load: Computers (En-Ru)
DEBUG;2016-03-11 00:30:25,262;load: Law (En-Ru)
DEBUG;2016-03-11 00:30:25,427;load: Engineering (En-Ru)
DEBUG;2016-03-11 00:30:25,446;load: Management (En-Ru)
DEBUG;2016-03-11 00:30:25,677;load: RadioElectronics (En-Ru)
DEBUG;2016-03-11 00:30:25,707;load: Informal (En-Ru)
DEBUG;2016-03-11 00:30:25,893;load: Physics (En-Ru)
DEBUG;2016-03-11 00:30:25,931;load: Idioms (En-Ru)
DEBUG;2016-03-11 00:30:26,111;load: LingvoUniversal (En-Ru)
DEBUG;2016-03-11 00:30:26,221;load: LingvoEconomics (En-Ru)
DEBUG;2016-03-11 00:30:26,224;load: Wine (En-Ru)
DEBUG;2016-03-11 00:30:26,330;load: LingvoComputer (En-Ru)
DEBUG;2016-03-11 00:30:26,361;load: Auto (En-Ru)
DEBUG;2016-03-11 00:30:26,363;load: LingvoGrammar (En-Ru)
DEBUG;2016-03-11 00:30:26,413;load: Americana (En-Ru)
DEBUG;2016-03-11 00:30:26,435;load: GreatBritain (En-Ru)
DEBUG;2016-03-11 00:30:26,479;load: Psychology (En-Ru)
DEBUG;2016-03-11 00:30:26,491;load: FinancialManagement (En-Ru)
DEBUG;2016-03-11 00:30:26,520;load: Patents (En-Ru)
INFO;2016-03-11 00:30:32,600;name
DEBUG;2016-03-11 00:30:59,293;load: Auto (De-Ru)
DEBUG;2016-03-11 00:30:59,378;load: Law (De-Ru)
DEBUG;2016-03-11 00:30:59,388;load: Austria (De-Ru)
DEBUG;2016-03-11 00:30:59,423;load: Beer (De-Ru)
DEBUG;2016-03-11 00:30:59,425;load: TypicalMistakes (De-Ru)
DEBUG;2016-03-11 00:30:59,523;load: Food (De-Ru)
DEBUG;2016-03-11 00:30:59,610;load: Medical (De-Ru)
DEBUG;2016-03-11 00:30:59,615;load: Idioms (De-Ru)
DEBUG;2016-03-11 00:30:59,713;load: Economics (De-Ru)
DEBUG;2016-03-11 00:30:59,993;load: Polytechnical (De-Ru)
DEBUG;2016-03-11 00:30:59,996;load: Active (De-Ru)
DEBUG;2016-03-11 00:31:00,060;load: AutoService (De-Ru)
DEBUG;2016-03-11 00:31:00,088;load: Banks (De-Ru)
DEBUG;2016-03-11 00:31:00,099;load: Art (De-Ru)
DEBUG;2016-03-11 00:31:00,432;load: Universal (De-Ru)
DEBUG;2016-03-11 00:31:00,543;load: Chemistry (De-Ru)
DEBUG;2016-03-11 00:31:00,609;load: Russian-German dictionary
DEBUG;2016-03-11 00:31:00,764;load: Russian-English short dictionary
DEBUG;2016-03-11 00:31:00,845;load: Telecoms (En-Ru)
DEBUG;2016-03-11 00:31:01,164;load: LingvoScience (En-Ru)
DEBUG;2016-03-11 00:31:01,308;load: Biology (En-Ru)
DEBUG;2016-03-11 00:31:01,329;load: FinancialMarkets (En-Ru)
DEBUG;2016-03-11 00:31:01,448;load: Medical (En-Ru)
DEBUG;2016-03-11 00:31:01,552;load: Building (En-Ru)
DEBUG;2016-03-11 00:31:01,579;load: Marketing (En-Ru)
DEBUG;2016-03-11 00:31:01,612;load: MechanicalEngineering (En-Ru)
DEBUG;2016-03-11 00:31:01,724;load: OilAndGas (En-Ru)
DEBUG;2016-03-11 00:31:01,736;load: Accounting (En-Ru)
DEBUG;2016-03-11 00:31:01,838;load: Politics (En-Ru)
DEBUG;2016-03-11 00:31:01,868;load: Computers (En-Ru)
DEBUG;2016-03-11 00:31:01,931;load: Law (En-Ru)
DEBUG;2016-03-11 00:31:02,098;load: Engineering (En-Ru)
DEBUG;2016-03-11 00:31:02,118;load: Management (En-Ru)
DEBUG;2016-03-11 00:31:02,350;load: RadioElectronics (En-Ru)
DEBUG;2016-03-11 00:31:02,380;load: Informal (En-Ru)
DEBUG;2016-03-11 00:31:02,564;load: Physics (En-Ru)
DEBUG;2016-03-11 00:31:02,603;load: Idioms (En-Ru)
DEBUG;2016-03-11 00:31:02,781;load: LingvoUniversal (En-Ru)
DEBUG;2016-03-11 00:31:02,889;load: LingvoEconomics (En-Ru)
DEBUG;2016-03-11 00:31:02,891;load: Wine (En-Ru)
DEBUG;2016-03-11 00:31:02,996;load: LingvoComputer (En-Ru)
DEBUG;2016-03-11 00:31:03,026;load: Auto (En-Ru)
DEBUG;2016-03-11 00:31:03,028;load: LingvoGrammar (En-Ru)
DEBUG;2016-03-11 00:31:03,076;load: Americana (En-Ru)
DEBUG;2016-03-11 00:31:03,096;load: GreatBritain (En-Ru)
DEBUG;2016-03-11 00:31:03,139;load: Psychology (En-Ru)
DEBUG;2016-03-11 00:31:03,150;load: FinancialManagement (En-Ru)
DEBUG;2016-03-11 00:31:03,178;load: Patents (En-Ru)
INFO;2016-03-11 00:31:09,626;name
INFO;2016-03-11 00:31:32,528;translation
DEBUG;2016-03-11 00:31:39,040;load: Auto (De-Ru)
DEBUG;2016-03-11 00:31:39,126;load: Law (De-Ru)
DEBUG;2016-03-11 00:31:39,138;load: Austria (De-Ru)
DEBUG;2016-03-11 00:31:39,174;load: Beer (De-Ru)
DEBUG;2016-03-11 00:31:39,176;load: TypicalMistakes (De-Ru)
DEBUG;2016-03-11 00:31:39,274;load: Food (De-Ru)
DEBUG;2016-03-11 00:31:39,357;load: Medical (De-Ru)
DEBUG;2016-03-11 00:31:39,362;load: Idioms (De-Ru)
DEBUG;2016-03-11 00:31:39,461;load: Economics (De-Ru)
DEBUG;2016-03-11 00:31:39,748;load: Polytechnical (De-Ru)
DEBUG;2016-03-11 00:31:39,751;load: Active (De-Ru)
DEBUG;2016-03-11 00:31:39,812;load: AutoService (De-Ru)
DEBUG;2016-03-11 00:31:39,837;load: Banks (De-Ru)
DEBUG;2016-03-11 00:31:39,849;load: Art (De-Ru)
DEBUG;2016-03-11 00:31:40,188;load: Universal (De-Ru)
DEBUG;2016-03-11 00:31:40,299;load: Chemistry (De-Ru)
DEBUG;2016-03-11 00:31:40,366;load: Russian-German dictionary
DEBUG;2016-03-11 00:31:40,526;load: Russian-English short dictionary
DEBUG;2016-03-11 00:31:40,609;load: Telecoms (En-Ru)
DEBUG;2016-03-11 00:31:40,931;load: LingvoScience (En-Ru)
DEBUG;2016-03-11 00:31:41,078;load: Biology (En-Ru)
DEBUG;2016-03-11 00:31:41,099;load: FinancialMarkets (En-Ru)
DEBUG;2016-03-11 00:31:41,222;load: Medical (En-Ru)
DEBUG;2016-03-11 00:31:41,329;load: Building (En-Ru)
DEBUG;2016-03-11 00:31:41,356;load: Marketing (En-Ru)
DEBUG;2016-03-11 00:31:41,391;load: MechanicalEngineering (En-Ru)
DEBUG;2016-03-11 00:31:41,508;load: OilAndGas (En-Ru)
DEBUG;2016-03-11 00:31:41,520;load: Accounting (En-Ru)
DEBUG;2016-03-11 00:31:41,624;load: Politics (En-Ru)
DEBUG;2016-03-11 00:31:41,654;load: Computers (En-Ru)
DEBUG;2016-03-11 00:31:41,718;load: Law (En-Ru)
DEBUG;2016-03-11 00:31:41,884;load: Engineering (En-Ru)
DEBUG;2016-03-11 00:31:41,903;load: Management (En-Ru)
DEBUG;2016-03-11 00:31:42,145;load: RadioElectronics (En-Ru)
DEBUG;2016-03-11 00:31:42,177;load: Informal (En-Ru)
DEBUG;2016-03-11 00:31:42,368;load: Physics (En-Ru)
DEBUG;2016-03-11 00:31:42,407;load: Idioms (En-Ru)
DEBUG;2016-03-11 00:31:42,590;load: LingvoUniversal (En-Ru)
DEBUG;2016-03-11 00:31:42,701;load: LingvoEconomics (En-Ru)
DEBUG;2016-03-11 00:31:42,703;load: Wine (En-Ru)
DEBUG;2016-03-11 00:31:42,810;load: LingvoComputer (En-Ru)
DEBUG;2016-03-11 00:31:42,841;load: Auto (En-Ru)
DEBUG;2016-03-11 00:31:42,842;load: LingvoGrammar (En-Ru)
DEBUG;2016-03-11 00:31:42,893;load: Americana (En-Ru)
DEBUG;2016-03-11 00:31:42,913;load: GreatBritain (En-Ru)
DEBUG;2016-03-11 00:31:42,954;load: Psychology (En-Ru)
DEBUG;2016-03-11 00:31:42,967;load: FinancialManagement (En-Ru)
DEBUG;2016-03-11 00:31:42,995;load: Patents (En-Ru)
INFO;2016-03-11 00:31:44,816;name
INFO;2016-03-11 00:31:47,349;name
INFO;2016-03-11 00:32:05,596;bündel
INFO;2016-03-11 00:32:12,888;grund
INFO;2016-03-11 00:32:19,049;problem
DEBUG;2016-03-11 00:32:23,154;disable: Auto (De-Ru)
DEBUG;2016-03-11 00:32:24,438;disable: Law (De-Ru)
DEBUG;2016-03-11 00:32:26,361;disable: TypicalMistakes (De-Ru)
DEBUG;2016-03-11 00:32:27,886;disable: Medical (De-Ru)
DEBUG;2016-03-11 00:32:29,692;disable: Idioms (De-Ru)
INFO;2016-03-11 00:32:34,459;rat
INFO;2016-03-11 00:32:39,091;das
INFO;2016-03-11 00:32:41,601;problem
INFO;2016-03-11 00:32:43,805;wachstum
INFO;2016-03-11 00:32:47,383;euro
INFO;2016-03-11 00:32:50,076;jahr
INFO;2016-03-11 00:32:54,612;euro
INFO;2016-03-11 00:32:56,324;wachstum
INFO;2016-03-11 00:32:58,103;noch
INFO;2016-03-11 00:33:01,366;krämer
INFO;2016-03-11 00:33:06,962;süden
INFO;2016-03-11 00:33:15,037;mehr
INFO;2016-03-11 00:33:20,963;kredit
INFO;2016-03-11 00:33:32,465;bilanz
INFO;2016-03-11 00:33:35,271;zeit
INFO;2016-03-11 00:33:37,666;ordnung
INFO;2016-03-11 00:33:41,202;bringen
INFO;2016-03-11 00:33:46,596;knoten
INFO;2016-03-11 00:33:49,474;konjunktur
INFO;2016-03-11 00:33:56,060;unternehmer
INFO;2016-03-11 00:33:58,038;erstens
DEBUG;2016-03-11 00:34:22,604;load: Auto (De-Ru)
DEBUG;2016-03-11 00:34:22,683;load: Law (De-Ru)
DEBUG;2016-03-11 00:34:22,694;load: Austria (De-Ru)
DEBUG;2016-03-11 00:34:22,727;load: Beer (De-Ru)
DEBUG;2016-03-11 00:34:22,729;load: TypicalMistakes (De-Ru)
DEBUG;2016-03-11 00:34:22,823;load: Food (De-Ru)
DEBUG;2016-03-11 00:34:22,904;load: Medical (De-Ru)
DEBUG;2016-03-11 00:34:22,908;load: Idioms (De-Ru)
DEBUG;2016-03-11 00:34:23,004;load: Economics (De-Ru)
DEBUG;2016-03-11 00:34:23,283;load: Polytechnical (De-Ru)
DEBUG;2016-03-11 00:34:23,286;load: Active (De-Ru)
DEBUG;2016-03-11 00:34:23,345;load: AutoService (De-Ru)
DEBUG;2016-03-11 00:34:23,370;load: Banks (De-Ru)
DEBUG;2016-03-11 00:34:23,381;load: Art (De-Ru)
DEBUG;2016-03-11 00:34:23,709;load: Universal (De-Ru)
DEBUG;2016-03-11 00:34:23,819;load: Chemistry (De-Ru)
DEBUG;2016-03-11 00:34:23,884;load: Russian-German dictionary
DEBUG;2016-03-11 00:34:24,063;load: Russian-English short dictionary
DEBUG;2016-03-11 00:34:24,161;load: Telecoms (En-Ru)
DEBUG;2016-03-11 00:34:24,484;load: LingvoScience (En-Ru)
DEBUG;2016-03-11 00:34:24,631;load: Biology (En-Ru)
DEBUG;2016-03-11 00:34:24,651;load: FinancialMarkets (En-Ru)
DEBUG;2016-03-11 00:34:24,774;load: Medical (En-Ru)
DEBUG;2016-03-11 00:34:24,880;load: Building (En-Ru)
DEBUG;2016-03-11 00:34:24,906;load: Marketing (En-Ru)
DEBUG;2016-03-11 00:34:24,941;load: MechanicalEngineering (En-Ru)
DEBUG;2016-03-11 00:34:25,058;load: OilAndGas (En-Ru)
DEBUG;2016-03-11 00:34:25,070;load: Accounting (En-Ru)
DEBUG;2016-03-11 00:34:25,176;load: Politics (En-Ru)
DEBUG;2016-03-11 00:34:25,205;load: Computers (En-Ru)
DEBUG;2016-03-11 00:34:25,269;load: Law (En-Ru)
DEBUG;2016-03-11 00:34:25,441;load: Engineering (En-Ru)
DEBUG;2016-03-11 00:34:25,461;load: Management (En-Ru)
DEBUG;2016-03-11 00:34:25,697;load: RadioElectronics (En-Ru)
DEBUG;2016-03-11 00:34:25,727;load: Informal (En-Ru)
DEBUG;2016-03-11 00:34:25,916;load: Physics (En-Ru)
DEBUG;2016-03-11 00:34:25,955;load: Idioms (En-Ru)
DEBUG;2016-03-11 00:34:26,138;load: LingvoUniversal (En-Ru)
DEBUG;2016-03-11 00:34:26,250;load: LingvoEconomics (En-Ru)
DEBUG;2016-03-11 00:34:26,253;load: Wine (En-Ru)
DEBUG;2016-03-11 00:34:26,358;load: LingvoComputer (En-Ru)
DEBUG;2016-03-11 00:34:26,388;load: Auto (En-Ru)
DEBUG;2016-03-11 00:34:26,390;load: LingvoGrammar (En-Ru)
DEBUG;2016-03-11 00:34:26,439;load: Americana (En-Ru)
DEBUG;2016-03-11 00:34:26,459;load: GreatBritain (En-Ru)
DEBUG;2016-03-11 00:34:26,498;load: Psychology (En-Ru)
DEBUG;2016-03-11 00:34:26,510;load: FinancialManagement (En-Ru)
DEBUG;2016-03-11 00:34:26,537;load: Patents (En-Ru)
INFO;2016-03-11 00:51:18,497;moment
INFO;2016-03-11 00:51:29,249;i
DEBUG;2016-03-11 00:53:17,402;load: Auto (De-Ru)
DEBUG;2016-03-11 00:53:17,562;load: Law (De-Ru)
DEBUG;2016-03-11 00:53:17,585;load: Austria (De-Ru)
DEBUG;2016-03-11 00:53:17,648;load: Beer (De-Ru)
DEBUG;2016-03-11 00:53:17,653;load: TypicalMistakes (De-Ru)
DEBUG;2016-03-11 00:53:17,793;load: Food (De-Ru)
DEBUG;2016-03-11 00:53:17,894;load: Medical (De-Ru)
DEBUG;2016-03-11 00:53:17,900;load: Idioms (De-Ru)
DEBUG;2016-03-11 00:53:18,031;load: Economics (De-Ru)
DEBUG;2016-03-11 00:53:18,380;load: Polytechnical (De-Ru)
DEBUG;2016-03-11 00:53:18,385;load: Active (De-Ru)
DEBUG;2016-03-11 00:53:18,500;load: AutoService (De-Ru)
DEBUG;2016-03-11 00:53:18,530;load: Banks (De-Ru)
DEBUG;2016-03-11 00:53:18,544;load: Art (De-Ru)
DEBUG;2016-03-11 00:53:19,008;load: Universal (De-Ru)
DEBUG;2016-03-11 00:53:19,154;load: Chemistry (De-Ru)
DEBUG;2016-03-11 00:53:19,272;load: Russian-German dictionary
DEBUG;2016-03-11 00:53:19,456;load: Russian-English short dictionary
DEBUG;2016-03-11 00:53:19,542;load: Telecoms (En-Ru)
DEBUG;2016-03-11 00:53:19,872;load: LingvoScience (En-Ru)
DEBUG;2016-03-11 00:53:20,026;load: Biology (En-Ru)
DEBUG;2016-03-11 00:53:20,050;load: FinancialMarkets (En-Ru)
DEBUG;2016-03-11 00:53:20,183;load: Medical (En-Ru)
DEBUG;2016-03-11 00:53:20,291;load: Building (En-Ru)
DEBUG;2016-03-11 00:53:20,318;load: Marketing (En-Ru)
DEBUG;2016-03-11 00:53:20,351;load: MechanicalEngineering (En-Ru)
DEBUG;2016-03-11 00:53:20,467;load: OilAndGas (En-Ru)
DEBUG;2016-03-11 00:53:20,479;load: Accounting (En-Ru)
DEBUG;2016-03-11 00:53:20,581;load: Politics (En-Ru)
DEBUG;2016-03-11 00:53:20,612;load: Computers (En-Ru)
DEBUG;2016-03-11 00:53:20,677;load: Law (En-Ru)
DEBUG;2016-03-11 00:53:20,847;load: Engineering (En-Ru)
DEBUG;2016-03-11 00:53:20,867;load: Management (En-Ru)
DEBUG;2016-03-11 00:53:21,102;load: RadioElectronics (En-Ru)
DEBUG;2016-03-11 00:53:21,133;load: Informal (En-Ru)
DEBUG;2016-03-11 00:53:21,322;load: Physics (En-Ru)
DEBUG;2016-03-11 00:53:21,360;load: Idioms (En-Ru)
DEBUG;2016-03-11 00:53:21,540;load: LingvoUniversal (En-Ru)
DEBUG;2016-03-11 00:53:21,648;load: LingvoEconomics (En-Ru)
DEBUG;2016-03-11 00:53:21,651;load: Wine (En-Ru)
DEBUG;2016-03-11 00:53:21,757;load: LingvoComputer (En-Ru)
DEBUG;2016-03-11 00:53:21,787;load: Auto (En-Ru)
DEBUG;2016-03-11 00:53:21,789;load: LingvoGrammar (En-Ru)
DEBUG;2016-03-11 00:53:21,838;load: Americana (En-Ru)
DEBUG;2016-03-11 00:53:21,859;load: GreatBritain (En-Ru)
DEBUG;2016-03-11 00:53:21,901;load: Psychology (En-Ru)
DEBUG;2016-03-11 00:53:21,913;load: FinancialManagement (En-Ru)
DEBUG;2016-03-11 00:53:21,940;load: Patents (En-Ru)
INFO;2016-03-11 00:53:44,933;text
INFO;2016-03-11 00:53:50,760;text
INFO;2016-03-11 00:53:53,470;text
INFO;2016-03-11 00:53:55,954;text
INFO;2016-03-11 00:53:59,650;translation
INFO;2016-03-11 00:54:03,052;name
INFO;2016-03-11 00:54:06,496;name
INFO;2016-03-11 00:54:09,613;text
INFO;2016-03-11 00:54:50,969;text
INFO;2016-03-11 00:55:11,070;text
DEBUG;2016-03-11 00:55:29,596;load: Auto (De-Ru)
DEBUG;2016-03-11 00:55:29,682;load: Law (De-Ru)
DEBUG;2016-03-11 00:55:29,693;load: Austria (De-Ru)
DEBUG;2016-03-11 00:55:29,730;load: Beer (De-Ru)
DEBUG;2016-03-11 00:55:29,732;load: TypicalMistakes (De-Ru)
DEBUG;2016-03-11 00:55:29,830;load: Food (De-Ru)
DEBUG;2016-03-11 00:55:29,921;load: Medical (De-Ru)
DEBUG;2016-03-11 00:55:29,927;load: Idioms (De-Ru)
DEBUG;2016-03-11 00:55:30,031;load: Economics (De-Ru)
DEBUG;2016-03-11 00:55:30,319;load: Polytechnical (De-Ru)
DEBUG;2016-03-11 00:55:30,323;load: Active (De-Ru)
DEBUG;2016-03-11 00:55:30,385;load: AutoService (De-Ru)
DEBUG;2016-03-11 00:55:30,410;load: Banks (De-Ru)
DEBUG;2016-03-11 00:55:30,423;load: Art (De-Ru)
DEBUG;2016-03-11 00:55:30,764;load: Universal (De-Ru)
DEBUG;2016-03-11 00:55:30,878;load: Chemistry (De-Ru)
DEBUG;2016-03-11 00:55:30,948;load: Russian-German dictionary
DEBUG;2016-03-11 00:55:31,113;load: Russian-English short dictionary
DEBUG;2016-03-11 00:55:31,200;load: Telecoms (En-Ru)
DEBUG;2016-03-11 00:55:31,528;load: LingvoScience (En-Ru)
DEBUG;2016-03-11 00:55:31,674;load: Biology (En-Ru)
DEBUG;2016-03-11 00:55:31,694;load: FinancialMarkets (En-Ru)
DEBUG;2016-03-11 00:55:31,829;load: Medical (En-Ru)
DEBUG;2016-03-11 00:55:31,945;load: Building (En-Ru)
DEBUG;2016-03-11 00:55:31,975;load: Marketing (En-Ru)
DEBUG;2016-03-11 00:55:32,009;load: MechanicalEngineering (En-Ru)
DEBUG;2016-03-11 00:55:32,127;load: OilAndGas (En-Ru)
DEBUG;2016-03-11 00:55:32,139;load: Accounting (En-Ru)
DEBUG;2016-03-11 00:55:32,242;load: Politics (En-Ru)
DEBUG;2016-03-11 00:55:32,272;load: Computers (En-Ru)
DEBUG;2016-03-11 00:55:32,337;load: Law (En-Ru)
DEBUG;2016-03-11 00:55:32,506;load: Engineering (En-Ru)
DEBUG;2016-03-11 00:55:32,526;load: Management (En-Ru)
DEBUG;2016-03-11 00:55:32,760;load: RadioElectronics (En-Ru)
DEBUG;2016-03-11 00:55:32,789;load: Informal (En-Ru)
DEBUG;2016-03-11 00:55:32,980;load: Physics (En-Ru)
DEBUG;2016-03-11 00:55:33,018;load: Idioms (En-Ru)
DEBUG;2016-03-11 00:55:33,203;load: LingvoUniversal (En-Ru)
DEBUG;2016-03-11 00:55:33,312;load: LingvoEconomics (En-Ru)
DEBUG;2016-03-11 00:55:33,314;load: Wine (En-Ru)
DEBUG;2016-03-11 00:55:33,422;load: LingvoComputer (En-Ru)
DEBUG;2016-03-11 00:55:33,454;load: Auto (En-Ru)
DEBUG;2016-03-11 00:55:33,455;load: LingvoGrammar (En-Ru)
DEBUG;2016-03-11 00:55:33,504;load: Americana (En-Ru)
DEBUG;2016-03-11 00:55:33,526;load: GreatBritain (En-Ru)
DEBUG;2016-03-11 00:55:33,565;load: Psychology (En-Ru)
DEBUG;2016-03-11 00:55:33,577;load: FinancialManagement (En-Ru)
DEBUG;2016-03-11 00:55:33,604;load: Patents (En-Ru)
INFO;2016-03-11 00:55:36,503;wash
INFO;2016-03-11 00:55:39,166;hope
DEBUG;2016-03-11 00:56:37,230;enable: LingvoGrammar (En-Ru)
DEBUG;2016-03-11 00:56:41,287;enable: Americana (En-Ru)
DEBUG;2016-03-11 00:57:50,589;load: Auto (De-Ru)
DEBUG;2016-03-11 00:57:50,689;load: Law (De-Ru)
DEBUG;2016-03-11 00:57:50,708;load: Austria (De-Ru)
DEBUG;2016-03-11 00:57:50,770;load: Beer (De-Ru)
DEBUG;2016-03-11 00:57:50,774;load: TypicalMistakes (De-Ru)
DEBUG;2016-03-11 00:57:50,939;load: Food (De-Ru)
DEBUG;2016-03-11 00:57:51,027;load: Medical (De-Ru)
DEBUG;2016-03-11 00:57:51,032;load: Idioms (De-Ru)
DEBUG;2016-03-11 00:57:51,131;load: Economics (De-Ru)
DEBUG;2016-03-11 00:57:51,417;load: Polytechnical (De-Ru)
DEBUG;2016-03-11 00:57:51,420;load: Active (De-Ru)
DEBUG;2016-03-11 00:57:51,481;load: AutoService (De-Ru)
DEBUG;2016-03-11 00:57:51,507;load: Banks (De-Ru)
DEBUG;2016-03-11 00:57:51,519;load: Art (De-Ru)
DEBUG;2016-03-11 00:57:51,852;load: Universal (De-Ru)
DEBUG;2016-03-11 00:57:51,964;load: Chemistry (De-Ru)
DEBUG;2016-03-11 00:57:52,031;load: Russian-German dictionary
DEBUG;2016-03-11 00:57:52,190;load: Russian-English short dictionary
DEBUG;2016-03-11 00:57:52,272;load: Telecoms (En-Ru)
DEBUG;2016-03-11 00:57:52,589;load: LingvoScience (En-Ru)
DEBUG;2016-03-11 00:57:52,731;load: Biology (En-Ru)
DEBUG;2016-03-11 00:57:52,751;load: FinancialMarkets (En-Ru)
DEBUG;2016-03-11 00:57:52,868;load: Medical (En-Ru)
DEBUG;2016-03-11 00:57:52,974;load: Building (En-Ru)
DEBUG;2016-03-11 00:57:53,001;load: Marketing (En-Ru)
DEBUG;2016-03-11 00:57:53,035;load: MechanicalEngineering (En-Ru)
DEBUG;2016-03-11 00:57:53,150;load: OilAndGas (En-Ru)
DEBUG;2016-03-11 00:57:53,163;load: Accounting (En-Ru)
DEBUG;2016-03-11 00:57:53,265;load: Politics (En-Ru)
DEBUG;2016-03-11 00:57:53,295;load: Computers (En-Ru)
DEBUG;2016-03-11 00:57:53,359;load: Law (En-Ru)
DEBUG;2016-03-11 00:57:53,526;load: Engineering (En-Ru)
DEBUG;2016-03-11 00:57:53,546;load: Management (En-Ru)
DEBUG;2016-03-11 00:57:53,779;load: RadioElectronics (En-Ru)
DEBUG;2016-03-11 00:57:53,809;load: Informal (En-Ru)
DEBUG;2016-03-11 00:57:53,998;load: Physics (En-Ru)
DEBUG;2016-03-11 00:57:54,036;load: Idioms (En-Ru)
DEBUG;2016-03-11 00:57:54,218;load: LingvoUniversal (En-Ru)
DEBUG;2016-03-11 00:57:54,325;load: LingvoEconomics (En-Ru)
DEBUG;2016-03-11 00:57:54,327;load: Wine (En-Ru)
DEBUG;2016-03-11 00:57:54,432;load: LingvoComputer (En-Ru)
DEBUG;2016-03-11 00:57:54,462;load: Auto (En-Ru)
DEBUG;2016-03-11 00:57:54,464;load: LingvoGrammar (En-Ru)
DEBUG;2016-03-11 00:57:54,514;load: Americana (En-Ru)
DEBUG;2016-03-11 00:57:54,535;load: GreatBritain (En-Ru)
DEBUG;2016-03-11 00:57:54,576;load: Psychology (En-Ru)
DEBUG;2016-03-11 00:57:54,589;load: FinancialManagement (En-Ru)
DEBUG;2016-03-11 00:57:54,616;load: Patents (En-Ru)
DEBUG;2016-03-11 00:58:24,527;enable: GreatBritain (En-Ru)
DEBUG;2016-03-11 00:58:32,506;enable: Patents (En-Ru)
DEBUG;2016-03-11 00:59:18,985;load: Auto (De-Ru)
DEBUG;2016-03-11 00:59:19,071;load: Law (De-Ru)
DEBUG;2016-03-11 00:59:19,081;load: Austria (De-Ru)
DEBUG;2016-03-11 00:59:19,115;load: Beer (De-Ru)
DEBUG;2016-03-11 00:59:19,118;load: TypicalMistakes (De-Ru)
DEBUG;2016-03-11 00:59:19,221;load: Food (De-Ru)
DEBUG;2016-03-11 00:59:19,311;load: Medical (De-Ru)
DEBUG;2016-03-11 00:59:19,315;load: Idioms (De-Ru)
DEBUG;2016-03-11 00:59:19,419;load: Economics (De-Ru)
DEBUG;2016-03-11 00:59:19,704;load: Polytechnical (De-Ru)
DEBUG;2016-03-11 00:59:19,707;load: Active (De-Ru)
DEBUG;2016-03-11 00:59:19,769;load: AutoService (De-Ru)
DEBUG;2016-03-11 00:59:19,796;load: Banks (De-Ru)
DEBUG;2016-03-11 00:59:19,808;load: Art (De-Ru)
DEBUG;2016-03-11 00:59:20,149;load: Universal (De-Ru)
DEBUG;2016-03-11 00:59:20,261;load: Chemistry (De-Ru)
DEBUG;2016-03-11 00:59:20,327;load: Russian-German dictionary
DEBUG;2016-03-11 00:59:20,483;load: Russian-English short dictionary
DEBUG;2016-03-11 00:59:20,566;load: Telecoms (En-Ru)
DEBUG;2016-03-11 00:59:20,881;load: LingvoScience (En-Ru)
DEBUG;2016-03-11 00:59:21,024;load: Biology (En-Ru)
DEBUG;2016-03-11 00:59:21,044;load: FinancialMarkets (En-Ru)
DEBUG;2016-03-11 00:59:21,166;load: Medical (En-Ru)
DEBUG;2016-03-11 00:59:21,270;load: Building (En-Ru)
DEBUG;2016-03-11 00:59:21,297;load: Marketing (En-Ru)
DEBUG;2016-03-11 00:59:21,330;load: MechanicalEngineering (En-Ru)
DEBUG;2016-03-11 00:59:21,443;load: OilAndGas (En-Ru)
DEBUG;2016-03-11 00:59:21,455;load: Accounting (En-Ru)
DEBUG;2016-03-11 00:59:21,556;load: Politics (En-Ru)
DEBUG;2016-03-11 00:59:21,586;load: Computers (En-Ru)
DEBUG;2016-03-11 00:59:21,648;load: Law (En-Ru)
DEBUG;2016-03-11 00:59:21,814;load: Engineering (En-Ru)
DEBUG;2016-03-11 00:59:21,833;load: Management (En-Ru)
DEBUG;2016-03-11 00:59:22,066;load: RadioElectronics (En-Ru)
DEBUG;2016-03-11 00:59:22,097;load: Informal (En-Ru)
DEBUG;2016-03-11 00:59:22,286;load: Physics (En-Ru)
DEBUG;2016-03-11 00:59:22,324;load: Idioms (En-Ru)
DEBUG;2016-03-11 00:59:22,501;load: LingvoUniversal (En-Ru)
DEBUG;2016-03-11 00:59:22,611;load: LingvoEconomics (En-Ru)
DEBUG;2016-03-11 00:59:22,613;load: Wine (En-Ru)
DEBUG;2016-03-11 00:59:22,720;load: LingvoComputer (En-Ru)
DEBUG;2016-03-11 00:59:22,751;load: Auto (En-Ru)
DEBUG;2016-03-11 00:59:22,753;load: LingvoGrammar (En-Ru)
DEBUG;2016-03-11 00:59:22,803;load: Americana (En-Ru)
DEBUG;2016-03-11 00:59:22,823;load: GreatBritain (En-Ru)
DEBUG;2016-03-11 00:59:22,863;load: Psychology (En-Ru)
DEBUG;2016-03-11 00:59:22,875;load: FinancialManagement (En-Ru)
DEBUG;2016-03-11 00:59:22,902;load: Patents (En-Ru)
INFO;2016-03-11 00:59:28,841;text
INFO;2016-03-11 00:59:48,311;text
INFO;2016-03-11 01:00:12,067;name
INFO;2016-03-11 01:01:27,892;text
INFO;2016-03-11 01:01:31,612;text
DEBUG;2016-03-11 01:01:39,747;load: Auto (De-Ru)
DEBUG;2016-03-11 01:01:39,830;load: Law (De-Ru)
DEBUG;2016-03-11 01:01:39,844;load: Austria (De-Ru)
DEBUG;2016-03-11 01:01:39,884;load: Beer (De-Ru)
DEBUG;2016-03-11 01:01:39,887;load: TypicalMistakes (De-Ru)
DEBUG;2016-03-11 01:01:39,991;load: Food (De-Ru)
DEBUG;2016-03-11 01:01:40,094;load: Medical (De-Ru)
DEBUG;2016-03-11 01:01:40,103;load: Idioms (De-Ru)
DEBUG;2016-03-11 01:01:40,228;load: Economics (De-Ru)
DEBUG;2016-03-11 01:01:40,524;load: Polytechnical (De-Ru)
DEBUG;2016-03-11 01:01:40,527;load: Active (De-Ru)
DEBUG;2016-03-11 01:01:40,589;load: AutoService (De-Ru)
DEBUG;2016-03-11 01:01:40,615;load: Banks (De-Ru)
DEBUG;2016-03-11 01:01:40,626;load: Art (De-Ru)
DEBUG;2016-03-11 01:01:40,975;load: Universal (De-Ru)
DEBUG;2016-03-11 01:01:41,090;load: Chemistry (De-Ru)
DEBUG;2016-03-11 01:01:41,159;load: Russian-German dictionary
DEBUG;2016-03-11 01:01:41,318;load: Russian-English short dictionary
DEBUG;2016-03-11 01:01:41,404;load: Telecoms (En-Ru)
DEBUG;2016-03-11 01:01:41,727;load: LingvoScience (En-Ru)
DEBUG;2016-03-11 01:01:41,871;load: Biology (En-Ru)
DEBUG;2016-03-11 01:01:41,892;load: FinancialMarkets (En-Ru)
DEBUG;2016-03-11 01:01:42,012;load: Medical (En-Ru)
DEBUG;2016-03-11 01:01:42,118;load: Building (En-Ru)
DEBUG;2016-03-11 01:01:42,146;load: Marketing (En-Ru)
DEBUG;2016-03-11 01:01:42,181;load: MechanicalEngineering (En-Ru)
DEBUG;2016-03-11 01:01:42,295;load: OilAndGas (En-Ru)
DEBUG;2016-03-11 01:01:42,306;load: Accounting (En-Ru)
DEBUG;2016-03-11 01:01:42,410;load: Politics (En-Ru)
DEBUG;2016-03-11 01:01:42,440;load: Computers (En-Ru)
DEBUG;2016-03-11 01:01:42,505;load: Law (En-Ru)
DEBUG;2016-03-11 01:01:42,672;load: Engineering (En-Ru)
DEBUG;2016-03-11 01:01:42,692;load: Management (En-Ru)
DEBUG;2016-03-11 01:01:42,923;load: RadioElectronics (En-Ru)
DEBUG;2016-03-11 01:01:42,954;load: Informal (En-Ru)
DEBUG;2016-03-11 01:01:43,140;load: Physics (En-Ru)
DEBUG;2016-03-11 01:01:43,180;load: Idioms (En-Ru)
DEBUG;2016-03-11 01:01:43,357;load: LingvoUniversal (En-Ru)
DEBUG;2016-03-11 01:01:43,465;load: LingvoEconomics (En-Ru)
DEBUG;2016-03-11 01:01:43,468;load: Wine (En-Ru)
DEBUG;2016-03-11 01:01:43,573;load: LingvoComputer (En-Ru)
DEBUG;2016-03-11 01:01:43,604;load: Auto (En-Ru)
DEBUG;2016-03-11 01:01:43,605;load: LingvoGrammar (En-Ru)
DEBUG;2016-03-11 01:01:43,653;load: Americana (En-Ru)
DEBUG;2016-03-11 01:01:43,674;load: GreatBritain (En-Ru)
DEBUG;2016-03-11 01:01:43,714;load: Psychology (En-Ru)
DEBUG;2016-03-11 01:01:43,726;load: FinancialManagement (En-Ru)
DEBUG;2016-03-11 01:01:43,753;load: Patents (En-Ru)
INFO;2016-03-11 01:01:45,077;name
INFO;2016-03-11 01:01:50,428;dictionary
INFO;2016-03-11 01:01:54,156;append
INFO;2016-03-11 01:01:59,336;join
INFO;2016-03-11 01:02:06,675;any
INFO;2016-03-11 01:02:08,514;time
DEBUG;2016-03-11 01:02:42,520;load: Auto (De-Ru)
DEBUG;2016-03-11 01:02:42,600;load: Law (De-Ru)
DEBUG;2016-03-11 01:02:42,610;load: Austria (De-Ru)
DEBUG;2016-03-11 01:02:42,642;load: Beer (De-Ru)
DEBUG;2016-03-11 01:02:42,645;load: TypicalMistakes (De-Ru)
DEBUG;2016-03-11 01:02:42,736;load: Food (De-Ru)
DEBUG;2016-03-11 01:02:42,818;load: Medical (De-Ru)
DEBUG;2016-03-11 01:02:42,823;load: Idioms (De-Ru)
DEBUG;2016-03-11 01:02:42,918;load: Economics (De-Ru)
DEBUG;2016-03-11 01:02:43,194;load: Polytechnical (De-Ru)
DEBUG;2016-03-11 01:02:43,197;load: Active (De-Ru)
DEBUG;2016-03-11 01:02:43,256;load: AutoService (De-Ru)
DEBUG;2016-03-11 01:02:43,281;load: Banks (De-Ru)
DEBUG;2016-03-11 01:02:43,292;load: Art (De-Ru)
DEBUG;2016-03-11 01:02:43,677;load: Universal (De-Ru)
DEBUG;2016-03-11 01:02:43,785;load: Chemistry (De-Ru)
DEBUG;2016-03-11 01:02:43,851;load: Russian-German dictionary
DEBUG;2016-03-11 01:02:44,008;load: Russian-English short dictionary
DEBUG;2016-03-11 01:02:44,090;load: Telecoms (En-Ru)
DEBUG;2016-03-11 01:02:44,406;load: LingvoScience (En-Ru)
DEBUG;2016-03-11 01:02:44,574;load: Biology (En-Ru)
DEBUG;2016-03-11 01:02:44,600;load: FinancialMarkets (En-Ru)
DEBUG;2016-03-11 01:02:44,727;load: Medical (En-Ru)
DEBUG;2016-03-11 01:02:44,831;load: Building (En-Ru)
DEBUG;2016-03-11 01:02:44,857;load: Marketing (En-Ru)
DEBUG;2016-03-11 01:02:44,890;load: MechanicalEngineering (En-Ru)
DEBUG;2016-03-11 01:02:45,004;load: OilAndGas (En-Ru)
DEBUG;2016-03-11 01:02:45,015;load: Accounting (En-Ru)
DEBUG;2016-03-11 01:02:45,117;load: Politics (En-Ru)
DEBUG;2016-03-11 01:02:45,148;load: Computers (En-Ru)
DEBUG;2016-03-11 01:02:45,211;load: Law (En-Ru)
DEBUG;2016-03-11 01:02:45,377;load: Engineering (En-Ru)
DEBUG;2016-03-11 01:02:45,396;load: Management (En-Ru)
DEBUG;2016-03-11 01:02:45,633;load: RadioElectronics (En-Ru)
DEBUG;2016-03-11 01:02:45,663;load: Informal (En-Ru)
DEBUG;2016-03-11 01:02:45,851;load: Physics (En-Ru)
DEBUG;2016-03-11 01:02:45,889;load: Idioms (En-Ru)
DEBUG;2016-03-11 01:02:46,067;load: LingvoUniversal (En-Ru)
DEBUG;2016-03-11 01:02:46,181;load: LingvoEconomics (En-Ru)
DEBUG;2016-03-11 01:02:46,184;load: Wine (En-Ru)
DEBUG;2016-03-11 01:02:46,292;load: LingvoComputer (En-Ru)
DEBUG;2016-03-11 01:02:46,321;load: Auto (En-Ru)
DEBUG;2016-03-11 01:02:46,323;load: LingvoGrammar (En-Ru)
DEBUG;2016-03-11 01:02:46,370;load: Americana (En-Ru)
DEBUG;2016-03-11 01:02:46,389;load: GreatBritain (En-Ru)
DEBUG;2016-03-11 01:02:46,428;load: Psychology (En-Ru)
DEBUG;2016-03-11 01:02:46,440;load: FinancialManagement (En-Ru)
DEBUG;2016-03-11 01:02:46,468;load: Patents (En-Ru)
INFO;2016-03-11 01:03:54,306;scarcely
INFO;2016-03-11 01:04:03,607;soporific
INFO;2016-03-11 01:04:08,439;nepenthe
INFO;2016-03-11 01:05:48,266;studied
INFO;2016-03-11 01:13:54,732;turmoil
INFO;2016-03-11 14:12:17,290;record
INFO;2016-03-11 14:14:47,810;tile
INFO;2016-03-11 14:18:34,852;i
INFO;2016-03-11 14:18:35,111;in
INFO;2016-03-11 14:18:35,240;inf
INFO;2016-03-11 14:18:35,393;info
INFO;2016-03-11 14:18:39,369;info
INFO;2016-03-11 14:19:09,677;fatal
INFO;2016-03-11 14:19:10,155;fatal
INFO;2016-03-11 14:19:12,922;fatal
INFO;2016-03-11 14:19:38,851;info
INFO;2016-03-11 14:19:53,308;info
INFO;2016-03-11 14:19:54,962;notice
INFO;2016-03-11 14:19:56,885;notice
INFO;2016-03-11 14:20:00,068;info
INFO;2016-03-11 14:20:02,669;notice
INFO;2016-03-11 14:20:05,788;info
INFO;2016-03-11 14:20:08,363;info
INFO;2016-03-11 14:20:22,056;description
INFO;2016-03-11 14:20:23,265;log
INFO;2016-03-11 14:20:24,399;description
INFO;2016-03-11 14:20:27,019;log
INFO;2016-03-11 14:20:30,146;description
INFO;2016-03-11 14:20:31,457;description
INFO;2016-03-11 14:20:34,505;log
INFO;2016-03-11 14:20:35,281;description
INFO;2016-03-11 14:20:36,709;description
INFO;2016-03-11 14:21:59,603;info
INFO;2016-03-11 14:22:03,499;info
INFO;2016-03-11 14:22:03,669;info
INFO;2016-03-11 14:22:08,007;fatal
INFO;2016-03-11 14:22:14,587;fatal
INFO;2016-03-11 14:22:30,581;probably
INFO;2016-03-11 14:22:52,955;warning
INFO;2016-03-11 14:22:53,707;warning
INFO;2016-03-11 14:23:28,792;info
INFO;2016-03-11 14:23:33,414;info
INFO;2016-03-11 14:23:33,801;info
INFO;2016-03-11 14:23:43,786;fatal
INFO;2016-03-11 14:23:43,955;fatal
INFO;2016-03-11 14:24:07,783;warning
INFO;2016-03-11 14:24:08,083;warning
INFO;2016-03-11 14:35:26,733;found
INFO;2016-03-11 14:44:07,103;element
INFO;2016-03-11 14:45:22,123;fatal
INFO;2016-03-11 14:45:22,371;fatal
INFO;2016-03-11 14:45:26,957;notice
INFO;2016-03-11 14:45:28,941;notice
INFO;2016-03-11 14:45:33,261;error
INFO;2016-03-11 14:45:33,456;error
INFO;2016-03-11 14:45:35,592;notice
INFO;2016-03-11 14:45:37,779;notice
INFO;2016-03-11 14:45:37,988;notice
INFO;2016-03-11 14:45:42,609;log
INFO;2016-03-11 14:45:44,449;notice
INFO;2016-03-11 14:45:44,666;notice
INFO;2016-03-11 14:45:46,469;notice
INFO;2016-03-11 18:42:44,642;теория
INFO;2016-03-11 20:26:30,086;ppa
INFO;2016-03-11 20:26:43,400;ppa
INFO;2016-03-11 20:26:44,526;repository
INFO;2016-03-11 20:27:02,303;apt
INFO;2016-03-11 20:27:03,791;update
INFO;2016-03-11 20:33:44,300;friend
INFO;2016-03-11 20:33:49,196;e
INFO;2016-03-11 20:33:49,783;eyebrow
INFO;2016-03-11 20:33:55,412;c
INFO;2016-03-11 20:33:55,838;climb
INFO;2016-03-11 20:34:49,652;cheerful
INFO;2016-03-11 20:35:01,137;turmoil
INFO;2016-03-11 20:36:09,446;concerned
INFO;2016-03-11 20:36:59,081;stare
INFO;2016-03-11 20:37:11,968;clothes
